[0.180s] Invoking command in '/home/ubuntu/cu-arc-21-22/CS/drone_ws/build/pi_gpio_interface': CMAKE_PREFIX_PATH=${CMAKE_PREFIX_PATH}:/home/ubuntu/cu-arc-21-22/CS/drone_ws/install/controls /usr/bin/cmake --build /home/ubuntu/cu-arc-21-22/CS/drone_ws/build/pi_gpio_interface -- -j4 -l4
[0.441s] [  3%] Built target pi_gpio_interface__cpp
[0.455s] [ 12%] Built target pi_gpio_interface__rosidl_generator_c
[0.591s] [ 22%] Built target pi_gpio_interface__rosidl_typesupport_cpp
[0.664s] [ 32%] Built target pi_gpio_interface__rosidl_typesupport_introspection_cpp
[0.683s] [ 41%] Built target pi_gpio_interface__rosidl_typesupport_c
[0.712s] [ 51%] Built target pi_gpio_interface__rosidl_typesupport_fastrtps_cpp
[0.733s] [ 61%] Built target pi_gpio_interface__rosidl_typesupport_introspection_c
[0.852s] [ 70%] Built target pi_gpio_interface__rosidl_typesupport_fastrtps_c
[0.943s] [ 70%] Built target pi_gpio_interface
[1.040s] [ 74%] Built target pi_gpio_interface__py
[1.176s] [ 80%] Built target pi_gpio_interface__python
[1.319s] [ 87%] Built target pi_gpio_interface__rosidl_typesupport_c__pyext
[1.340s] [ 93%] Built target pi_gpio_interface__rosidl_typesupport_introspection_c__pyext
[1.347s] [100%] Built target pi_gpio_interface__rosidl_typesupport_fastrtps_c__pyext
[1.609s] Invoked command in '/home/ubuntu/cu-arc-21-22/CS/drone_ws/build/pi_gpio_interface' returned '0': CMAKE_PREFIX_PATH=${CMAKE_PREFIX_PATH}:/home/ubuntu/cu-arc-21-22/CS/drone_ws/install/controls /usr/bin/cmake --build /home/ubuntu/cu-arc-21-22/CS/drone_ws/build/pi_gpio_interface -- -j4 -l4
[1.961s] Invoking command in '/home/ubuntu/cu-arc-21-22/CS/drone_ws/build/pi_gpio_interface': CMAKE_PREFIX_PATH=${CMAKE_PREFIX_PATH}:/home/ubuntu/cu-arc-21-22/CS/drone_ws/install/controls /usr/bin/cmake --install /home/ubuntu/cu-arc-21-22/CS/drone_ws/build/pi_gpio_interface
[1.997s] -- Install configuration: ""
[2.000s] -- Execute custom install script
[2.002s] -- Up-to-date symlink: /home/ubuntu/cu-arc-21-22/CS/drone_ws/install/pi_gpio_interface/share/ament_index/resource_index/rosidl_interfaces/pi_gpio_interface
[2.006s] -- Up-to-date symlink: /home/ubuntu/cu-arc-21-22/CS/drone_ws/install/pi_gpio_interface/include/pi_gpio_interface/action/detail/gpio__functions.h
[2.008s] -- Up-to-date symlink: /home/ubuntu/cu-arc-21-22/CS/drone_ws/install/pi_gpio_interface/include/pi_gpio_interface/action/detail/gpio__struct.h
[2.010s] -- Up-to-date symlink: /home/ubuntu/cu-arc-21-22/CS/drone_ws/install/pi_gpio_interface/include/pi_gpio_interface/action/detail/gpio__type_support.h
[2.013s] -- Up-to-date symlink: /home/ubuntu/cu-arc-21-22/CS/drone_ws/install/pi_gpio_interface/include/pi_gpio_interface/action/gpio.h
[2.014s] -- Up-to-date symlink: /home/ubuntu/cu-arc-21-22/CS/drone_ws/install/pi_gpio_interface/include/pi_gpio_interface/msg/rosidl_generator_c__visibility_control.h
[2.016s] -- Up-to-date symlink: /home/ubuntu/cu-arc-21-22/CS/drone_ws/install/pi_gpio_interface/share/pi_gpio_interface/environment/library_path.sh
[2.018s] -- Up-to-date symlink: /home/ubuntu/cu-arc-21-22/CS/drone_ws/install/pi_gpio_interface/share/pi_gpio_interface/environment/library_path.dsv
[2.023s] -- Up-to-date symlink: /home/ubuntu/cu-arc-21-22/CS/drone_ws/install/pi_gpio_interface/include/pi_gpio_interface/action/detail/gpio__rosidl_typesupport_fastrtps_c.h
[2.024s] -- Up-to-date symlink: /home/ubuntu/cu-arc-21-22/CS/drone_ws/install/pi_gpio_interface/include/pi_gpio_interface/msg/rosidl_typesupport_fastrtps_c__visibility_control.h
[2.026s] -- Up-to-date symlink: /home/ubuntu/cu-arc-21-22/CS/drone_ws/install/pi_gpio_interface/lib/libpi_gpio_interface__rosidl_typesupport_fastrtps_c.so
[2.031s] -- Up-to-date symlink: /home/ubuntu/cu-arc-21-22/CS/drone_ws/install/pi_gpio_interface/include/pi_gpio_interface/action/detail/gpio__rosidl_typesupport_fastrtps_cpp.hpp
[2.033s] -- Up-to-date symlink: /home/ubuntu/cu-arc-21-22/CS/drone_ws/install/pi_gpio_interface/include/pi_gpio_interface/msg/rosidl_typesupport_fastrtps_cpp__visibility_control.h
[2.035s] -- Up-to-date symlink: /home/ubuntu/cu-arc-21-22/CS/drone_ws/install/pi_gpio_interface/lib/libpi_gpio_interface__rosidl_typesupport_fastrtps_cpp.so
[2.039s] -- Up-to-date symlink: /home/ubuntu/cu-arc-21-22/CS/drone_ws/install/pi_gpio_interface/include/pi_gpio_interface/action/detail/gpio__rosidl_typesupport_introspection_c.h
[2.040s] -- Up-to-date symlink: /home/ubuntu/cu-arc-21-22/CS/drone_ws/install/pi_gpio_interface/include/pi_gpio_interface/msg/rosidl_typesupport_introspection_c__visibility_control.h
[2.044s] -- Up-to-date symlink: /home/ubuntu/cu-arc-21-22/CS/drone_ws/install/pi_gpio_interface/include/pi_gpio_interface/action/detail/gpio__builder.hpp
[2.046s] -- Up-to-date symlink: /home/ubuntu/cu-arc-21-22/CS/drone_ws/install/pi_gpio_interface/include/pi_gpio_interface/action/detail/gpio__struct.hpp
[2.047s] -- Up-to-date symlink: /home/ubuntu/cu-arc-21-22/CS/drone_ws/install/pi_gpio_interface/include/pi_gpio_interface/action/detail/gpio__traits.hpp
[2.048s] -- Up-to-date symlink: /home/ubuntu/cu-arc-21-22/CS/drone_ws/install/pi_gpio_interface/include/pi_gpio_interface/action/gpio.hpp
[2.052s] -- Up-to-date symlink: /home/ubuntu/cu-arc-21-22/CS/drone_ws/install/pi_gpio_interface/include/pi_gpio_interface/action/detail/gpio__rosidl_typesupport_introspection_cpp.hpp
[2.054s] -- Up-to-date symlink: /home/ubuntu/cu-arc-21-22/CS/drone_ws/install/pi_gpio_interface/share/pi_gpio_interface/environment/pythonpath.sh
[2.056s] -- Up-to-date symlink: /home/ubuntu/cu-arc-21-22/CS/drone_ws/install/pi_gpio_interface/share/pi_gpio_interface/environment/pythonpath.dsv
[2.058s] -- Up-to-date symlink: /home/ubuntu/cu-arc-21-22/CS/drone_ws/install/pi_gpio_interface/lib/python3.8/site-packages/pi_gpio_interface/__init__.py
[2.061s] -- Up-to-date symlink: /home/ubuntu/cu-arc-21-22/CS/drone_ws/install/pi_gpio_interface/lib/python3.8/site-packages/pi_gpio_interface/action/__init__.py
[2.062s] -- Up-to-date symlink: /home/ubuntu/cu-arc-21-22/CS/drone_ws/install/pi_gpio_interface/lib/python3.8/site-packages/pi_gpio_interface/action/_gpio.py
[2.065s] -- Up-to-date symlink: /home/ubuntu/cu-arc-21-22/CS/drone_ws/install/pi_gpio_interface/lib/python3.8/site-packages/pi_gpio_interface/pi_gpio_interface_s__rosidl_typesupport_fastrtps_c.cpython-38-aarch64-linux-gnu.so
[2.067s] -- Up-to-date symlink: /home/ubuntu/cu-arc-21-22/CS/drone_ws/install/pi_gpio_interface/lib/python3.8/site-packages/pi_gpio_interface/pi_gpio_interface_s__rosidl_typesupport_introspection_c.cpython-38-aarch64-linux-gnu.so
[2.070s] -- Up-to-date symlink: /home/ubuntu/cu-arc-21-22/CS/drone_ws/install/pi_gpio_interface/lib/python3.8/site-packages/pi_gpio_interface/pi_gpio_interface_s__rosidl_typesupport_c.cpython-38-aarch64-linux-gnu.so
[2.073s] -- Up-to-date symlink: /home/ubuntu/cu-arc-21-22/CS/drone_ws/install/pi_gpio_interface/lib/libpi_gpio_interface__python.so
[2.075s] -- Up-to-date symlink: /home/ubuntu/cu-arc-21-22/CS/drone_ws/install/pi_gpio_interface/share/pi_gpio_interface/action/GPIO.idl
[2.076s] -- Up-to-date symlink: /home/ubuntu/cu-arc-21-22/CS/drone_ws/install/pi_gpio_interface/share/pi_gpio_interface/action/GPIO.action
[2.079s] -- Up-to-date symlink: /home/ubuntu/cu-arc-21-22/CS/drone_ws/install/pi_gpio_interface/share/ament_index/resource_index/package_run_dependencies/pi_gpio_interface
[2.081s] -- Up-to-date symlink: /home/ubuntu/cu-arc-21-22/CS/drone_ws/install/pi_gpio_interface/share/ament_index/resource_index/parent_prefix_path/pi_gpio_interface
[2.083s] -- Up-to-date symlink: /home/ubuntu/cu-arc-21-22/CS/drone_ws/install/pi_gpio_interface/share/pi_gpio_interface/environment/ament_prefix_path.sh
[2.084s] -- Up-to-date symlink: /home/ubuntu/cu-arc-21-22/CS/drone_ws/install/pi_gpio_interface/share/pi_gpio_interface/environment/ament_prefix_path.dsv
[2.086s] -- Up-to-date symlink: /home/ubuntu/cu-arc-21-22/CS/drone_ws/install/pi_gpio_interface/share/pi_gpio_interface/environment/path.sh
[2.088s] -- Up-to-date symlink: /home/ubuntu/cu-arc-21-22/CS/drone_ws/install/pi_gpio_interface/share/pi_gpio_interface/environment/path.dsv
[2.090s] -- Up-to-date symlink: /home/ubuntu/cu-arc-21-22/CS/drone_ws/install/pi_gpio_interface/share/pi_gpio_interface/local_setup.bash
[2.092s] -- Up-to-date symlink: /home/ubuntu/cu-arc-21-22/CS/drone_ws/install/pi_gpio_interface/share/pi_gpio_interface/local_setup.sh
[2.094s] -- Up-to-date symlink: /home/ubuntu/cu-arc-21-22/CS/drone_ws/install/pi_gpio_interface/share/pi_gpio_interface/local_setup.zsh
[2.095s] -- Up-to-date symlink: /home/ubuntu/cu-arc-21-22/CS/drone_ws/install/pi_gpio_interface/share/pi_gpio_interface/local_setup.dsv
[2.097s] -- Symlinking: /home/ubuntu/cu-arc-21-22/CS/drone_ws/install/pi_gpio_interface/share/pi_gpio_interface/package.dsv
[2.135s] -- Up-to-date symlink: /home/ubuntu/cu-arc-21-22/CS/drone_ws/install/pi_gpio_interface/share/ament_index/resource_index/packages/pi_gpio_interface
[2.137s] -- Up-to-date symlink: /home/ubuntu/cu-arc-21-22/CS/drone_ws/install/pi_gpio_interface/share/pi_gpio_interface/cmake/rosidl_cmake-extras.cmake
[2.139s] -- Up-to-date symlink: /home/ubuntu/cu-arc-21-22/CS/drone_ws/install/pi_gpio_interface/share/pi_gpio_interface/cmake/ament_cmake_export_dependencies-extras.cmake
[2.140s] -- Up-to-date symlink: /home/ubuntu/cu-arc-21-22/CS/drone_ws/install/pi_gpio_interface/share/pi_gpio_interface/cmake/ament_cmake_export_libraries-extras.cmake
[2.142s] -- Up-to-date symlink: /home/ubuntu/cu-arc-21-22/CS/drone_ws/install/pi_gpio_interface/share/pi_gpio_interface/cmake/ament_cmake_export_targets-extras.cmake
[2.144s] -- Up-to-date symlink: /home/ubuntu/cu-arc-21-22/CS/drone_ws/install/pi_gpio_interface/share/pi_gpio_interface/cmake/ament_cmake_export_include_directories-extras.cmake
[2.146s] -- Up-to-date symlink: /home/ubuntu/cu-arc-21-22/CS/drone_ws/install/pi_gpio_interface/share/pi_gpio_interface/cmake/rosidl_cmake_export_typesupport_libraries-extras.cmake
[2.148s] -- Up-to-date symlink: /home/ubuntu/cu-arc-21-22/CS/drone_ws/install/pi_gpio_interface/share/pi_gpio_interface/cmake/rosidl_cmake_export_typesupport_targets-extras.cmake
[2.149s] -- Up-to-date symlink: /home/ubuntu/cu-arc-21-22/CS/drone_ws/install/pi_gpio_interface/share/pi_gpio_interface/cmake/pi_gpio_interfaceConfig.cmake
[2.151s] -- Up-to-date symlink: /home/ubuntu/cu-arc-21-22/CS/drone_ws/install/pi_gpio_interface/share/pi_gpio_interface/cmake/pi_gpio_interfaceConfig-version.cmake
[2.152s] -- Up-to-date symlink: /home/ubuntu/cu-arc-21-22/CS/drone_ws/install/pi_gpio_interface/share/pi_gpio_interface/package.xml
[2.154s] -- Up-to-date: /home/ubuntu/cu-arc-21-22/CS/drone_ws/install/pi_gpio_interface/lib/libpi_gpio_interface__rosidl_generator_c.so
[2.157s] -- Up-to-date: /home/ubuntu/cu-arc-21-22/CS/drone_ws/install/pi_gpio_interface/lib/libpi_gpio_interface__rosidl_typesupport_introspection_c.so
[2.160s] -- Up-to-date: /home/ubuntu/cu-arc-21-22/CS/drone_ws/install/pi_gpio_interface/lib/libpi_gpio_interface__rosidl_typesupport_c.so
[2.162s] -- Up-to-date: /home/ubuntu/cu-arc-21-22/CS/drone_ws/install/pi_gpio_interface/lib/libpi_gpio_interface__rosidl_typesupport_introspection_cpp.so
[2.165s] -- Up-to-date: /home/ubuntu/cu-arc-21-22/CS/drone_ws/install/pi_gpio_interface/lib/libpi_gpio_interface__rosidl_typesupport_cpp.so
[2.336s] -- Up-to-date: /home/ubuntu/cu-arc-21-22/CS/drone_ws/install/pi_gpio_interface/share/pi_gpio_interface/cmake/pi_gpio_interface__rosidl_generator_cExport.cmake
[2.337s] -- Up-to-date: /home/ubuntu/cu-arc-21-22/CS/drone_ws/install/pi_gpio_interface/share/pi_gpio_interface/cmake/pi_gpio_interface__rosidl_generator_cExport-noconfig.cmake
[2.338s] -- Up-to-date: /home/ubuntu/cu-arc-21-22/CS/drone_ws/install/pi_gpio_interface/share/pi_gpio_interface/cmake/pi_gpio_interface__rosidl_typesupport_introspection_cExport.cmake
[2.339s] -- Up-to-date: /home/ubuntu/cu-arc-21-22/CS/drone_ws/install/pi_gpio_interface/share/pi_gpio_interface/cmake/pi_gpio_interface__rosidl_typesupport_introspection_cExport-noconfig.cmake
[2.340s] -- Up-to-date: /home/ubuntu/cu-arc-21-22/CS/drone_ws/install/pi_gpio_interface/share/pi_gpio_interface/cmake/pi_gpio_interface__rosidl_typesupport_cExport.cmake
[2.340s] -- Up-to-date: /home/ubuntu/cu-arc-21-22/CS/drone_ws/install/pi_gpio_interface/share/pi_gpio_interface/cmake/pi_gpio_interface__rosidl_typesupport_cExport-noconfig.cmake
[2.342s] -- Up-to-date: /home/ubuntu/cu-arc-21-22/CS/drone_ws/install/pi_gpio_interface/share/pi_gpio_interface/cmake/pi_gpio_interface__rosidl_generator_cppExport.cmake
[2.343s] -- Up-to-date: /home/ubuntu/cu-arc-21-22/CS/drone_ws/install/pi_gpio_interface/share/pi_gpio_interface/cmake/pi_gpio_interface__rosidl_typesupport_introspection_cppExport.cmake
[2.344s] -- Up-to-date: /home/ubuntu/cu-arc-21-22/CS/drone_ws/install/pi_gpio_interface/share/pi_gpio_interface/cmake/pi_gpio_interface__rosidl_typesupport_introspection_cppExport-noconfig.cmake
[2.345s] -- Up-to-date: /home/ubuntu/cu-arc-21-22/CS/drone_ws/install/pi_gpio_interface/share/pi_gpio_interface/cmake/pi_gpio_interface__rosidl_typesupport_cppExport.cmake
[2.346s] -- Up-to-date: /home/ubuntu/cu-arc-21-22/CS/drone_ws/install/pi_gpio_interface/share/pi_gpio_interface/cmake/pi_gpio_interface__rosidl_typesupport_cppExport-noconfig.cmake
[2.354s] Invoked command in '/home/ubuntu/cu-arc-21-22/CS/drone_ws/build/pi_gpio_interface' returned '0': CMAKE_PREFIX_PATH=${CMAKE_PREFIX_PATH}:/home/ubuntu/cu-arc-21-22/CS/drone_ws/install/controls /usr/bin/cmake --install /home/ubuntu/cu-arc-21-22/CS/drone_ws/build/pi_gpio_interface
