[1.199s] Invoking command in '/home/ubuntu/cu-arc-21-22/CS/drone_ws/src/controls': PYTHONPATH=/home/ubuntu/cu-arc-21-22/CS/drone_ws/install/controls/lib/python3.8/site-packages:${PYTHONPATH} /usr/bin/python3 setup.py egg_info --egg-base ../../build/controls build --build-base /home/ubuntu/cu-arc-21-22/CS/drone_ws/build/controls/build install --prefix /home/ubuntu/cu-arc-21-22/CS/drone_ws/install/controls --record /home/ubuntu/cu-arc-21-22/CS/drone_ws/build/controls/install.log --single-version-externally-managed
[2.206s] running egg_info
[2.208s] writing ../../build/controls/controls.egg-info/PKG-INFO
[2.210s] writing dependency_links to ../../build/controls/controls.egg-info/dependency_links.txt
[2.213s] writing entry points to ../../build/controls/controls.egg-info/entry_points.txt
[2.216s] writing requirements to ../../build/controls/controls.egg-info/requires.txt
[2.218s] writing top-level names to ../../build/controls/controls.egg-info/top_level.txt
[2.369s] reading manifest file '../../build/controls/controls.egg-info/SOURCES.txt'
[2.374s] writing manifest file '../../build/controls/controls.egg-info/SOURCES.txt'
[2.380s] running build
[2.380s] running build_py
[2.381s] copying controls/pid.py -> /home/ubuntu/cu-arc-21-22/CS/drone_ws/build/controls/build/lib/controls
[2.382s] running install
[2.383s] running install_lib
[2.389s] copying /home/ubuntu/cu-arc-21-22/CS/drone_ws/build/controls/build/lib/controls/pid.py -> /home/ubuntu/cu-arc-21-22/CS/drone_ws/install/controls/lib/python3.8/site-packages/controls
[2.392s] byte-compiling /home/ubuntu/cu-arc-21-22/CS/drone_ws/install/controls/lib/python3.8/site-packages/controls/pid.py to pid.cpython-38.pyc
[2.398s]   File "/home/ubuntu/cu-arc-21-22/CS/drone_ws/install/controls/lib/python3.8/site-packages/controls/pid.py", line 34
[2.398s]     throttle = self.kp * current_error +
[2.399s]                                         ^
[2.399s] SyntaxError: invalid syntax
[2.400s] 
[2.401s] running install_data
[2.402s] running install_egg_info
[2.408s] removing '/home/ubuntu/cu-arc-21-22/CS/drone_ws/install/controls/lib/python3.8/site-packages/controls-0.0.0-py3.8.egg-info' (and everything under it)
[2.411s] Copying ../../build/controls/controls.egg-info to /home/ubuntu/cu-arc-21-22/CS/drone_ws/install/controls/lib/python3.8/site-packages/controls-0.0.0-py3.8.egg-info
[2.419s] running install_scripts
[2.492s] Installing pid script to /home/ubuntu/cu-arc-21-22/CS/drone_ws/install/controls/lib/controls
[2.494s] Installing publishHeight script to /home/ubuntu/cu-arc-21-22/CS/drone_ws/install/controls/lib/controls
[2.495s] Installing transmitter script to /home/ubuntu/cu-arc-21-22/CS/drone_ws/install/controls/lib/controls
[2.497s] writing list of installed files to '/home/ubuntu/cu-arc-21-22/CS/drone_ws/build/controls/install.log'
[2.605s] Invoked command in '/home/ubuntu/cu-arc-21-22/CS/drone_ws/src/controls' returned '0': PYTHONPATH=/home/ubuntu/cu-arc-21-22/CS/drone_ws/install/controls/lib/python3.8/site-packages:${PYTHONPATH} /usr/bin/python3 setup.py egg_info --egg-base ../../build/controls build --build-base /home/ubuntu/cu-arc-21-22/CS/drone_ws/build/controls/build install --prefix /home/ubuntu/cu-arc-21-22/CS/drone_ws/install/controls --record /home/ubuntu/cu-arc-21-22/CS/drone_ws/build/controls/install.log --single-version-externally-managed
