[1.253s] Invoking command in '/home/ubuntu/cu-arc-21-22/CS/drone_ws/src/controls': PYTHONPATH=/home/ubuntu/cu-arc-21-22/CS/drone_ws/install/controls/lib/python3.8/site-packages:${PYTHONPATH} /usr/bin/python3 setup.py egg_info --egg-base ../../build/controls build --build-base /home/ubuntu/cu-arc-21-22/CS/drone_ws/build/controls/build install --prefix /home/ubuntu/cu-arc-21-22/CS/drone_ws/install/controls --record /home/ubuntu/cu-arc-21-22/CS/drone_ws/build/controls/install.log --single-version-externally-managed
[2.273s] running egg_info
[2.277s] writing ../../build/controls/controls.egg-info/PKG-INFO
[2.279s] writing dependency_links to ../../build/controls/controls.egg-info/dependency_links.txt
[2.281s] writing entry points to ../../build/controls/controls.egg-info/entry_points.txt
[2.282s] writing requirements to ../../build/controls/controls.egg-info/requires.txt
[2.284s] writing top-level names to ../../build/controls/controls.egg-info/top_level.txt
[2.438s] reading manifest file '../../build/controls/controls.egg-info/SOURCES.txt'
[2.444s] writing manifest file '../../build/controls/controls.egg-info/SOURCES.txt'
[2.445s] running build
[2.446s] running build_py
[2.451s] running install
[2.453s] running install_lib
[2.464s] running install_data
[2.465s] running install_egg_info
[2.480s] removing '/home/ubuntu/cu-arc-21-22/CS/drone_ws/install/controls/lib/python3.8/site-packages/controls-0.0.0-py3.8.egg-info' (and everything under it)
[2.488s] Copying ../../build/controls/controls.egg-info to /home/ubuntu/cu-arc-21-22/CS/drone_ws/install/controls/lib/python3.8/site-packages/controls-0.0.0-py3.8.egg-info
[2.489s] running install_scripts
[2.562s] Installing transmitter script to /home/ubuntu/cu-arc-21-22/CS/drone_ws/install/controls/lib/controls
[2.564s] writing list of installed files to '/home/ubuntu/cu-arc-21-22/CS/drone_ws/build/controls/install.log'
[2.673s] Invoked command in '/home/ubuntu/cu-arc-21-22/CS/drone_ws/src/controls' returned '0': PYTHONPATH=/home/ubuntu/cu-arc-21-22/CS/drone_ws/install/controls/lib/python3.8/site-packages:${PYTHONPATH} /usr/bin/python3 setup.py egg_info --egg-base ../../build/controls build --build-base /home/ubuntu/cu-arc-21-22/CS/drone_ws/build/controls/build install --prefix /home/ubuntu/cu-arc-21-22/CS/drone_ws/install/controls --record /home/ubuntu/cu-arc-21-22/CS/drone_ws/build/controls/install.log --single-version-externally-managed
