[1.125s] Invoking command in '/home/ubuntu/cu-arc-21-22/CS/drone_ws/src/controls': PYTHONPATH=/home/ubuntu/cu-arc-21-22/CS/drone_ws/install/controls/lib/python3.8/site-packages:${PYTHONPATH} /usr/bin/python3 setup.py egg_info --egg-base ../../build/controls build --build-base /home/ubuntu/cu-arc-21-22/CS/drone_ws/build/controls/build install --prefix /home/ubuntu/cu-arc-21-22/CS/drone_ws/install/controls --record /home/ubuntu/cu-arc-21-22/CS/drone_ws/build/controls/install.log --single-version-externally-managed
[2.075s] running egg_info
[2.077s] writing ../../build/controls/controls.egg-info/PKG-INFO
[2.078s] writing dependency_links to ../../build/controls/controls.egg-info/dependency_links.txt
[2.079s] writing entry points to ../../build/controls/controls.egg-info/entry_points.txt
[2.080s] writing requirements to ../../build/controls/controls.egg-info/requires.txt
[2.080s] writing top-level names to ../../build/controls/controls.egg-info/top_level.txt
[2.223s] reading manifest file '../../build/controls/controls.egg-info/SOURCES.txt'
[2.227s] writing manifest file '../../build/controls/controls.egg-info/SOURCES.txt'
[2.228s] running build
[2.228s] running build_py
[2.229s] copying controls/transmitter.py -> /home/ubuntu/cu-arc-21-22/CS/drone_ws/build/controls/build/lib/controls
[2.230s] running install
[2.233s] running install_lib
[2.238s] copying /home/ubuntu/cu-arc-21-22/CS/drone_ws/build/controls/build/lib/controls/transmitter.py -> /home/ubuntu/cu-arc-21-22/CS/drone_ws/install/controls/lib/python3.8/site-packages/controls
[2.241s] byte-compiling /home/ubuntu/cu-arc-21-22/CS/drone_ws/install/controls/lib/python3.8/site-packages/controls/transmitter.py to transmitter.cpython-38.pyc
[2.246s] running install_data
[2.249s] running install_egg_info
[2.255s] removing '/home/ubuntu/cu-arc-21-22/CS/drone_ws/install/controls/lib/python3.8/site-packages/controls-0.0.0-py3.8.egg-info' (and everything under it)
[2.256s] Copying ../../build/controls/controls.egg-info to /home/ubuntu/cu-arc-21-22/CS/drone_ws/install/controls/lib/python3.8/site-packages/controls-0.0.0-py3.8.egg-info
[2.261s] running install_scripts
[2.326s] Installing transmitter script to /home/ubuntu/cu-arc-21-22/CS/drone_ws/install/controls/lib/controls
[2.328s] writing list of installed files to '/home/ubuntu/cu-arc-21-22/CS/drone_ws/build/controls/install.log'
[2.421s] Invoked command in '/home/ubuntu/cu-arc-21-22/CS/drone_ws/src/controls' returned '0': PYTHONPATH=/home/ubuntu/cu-arc-21-22/CS/drone_ws/install/controls/lib/python3.8/site-packages:${PYTHONPATH} /usr/bin/python3 setup.py egg_info --egg-base ../../build/controls build --build-base /home/ubuntu/cu-arc-21-22/CS/drone_ws/build/controls/build install --prefix /home/ubuntu/cu-arc-21-22/CS/drone_ws/install/controls --record /home/ubuntu/cu-arc-21-22/CS/drone_ws/build/controls/install.log --single-version-externally-managed
