[2.888s] Invoking command in '/home/ubuntu/cu-arc-21-22/CS/drone_ws/src/controls': PYTHONPATH=/home/ubuntu/cu-arc-21-22/CS/drone_ws/install/controls/lib/python3.8/site-packages:${PYTHONPATH} /usr/bin/python3 setup.py egg_info --egg-base ../../build/controls build --build-base /home/ubuntu/cu-arc-21-22/CS/drone_ws/build/controls/build install --prefix /home/ubuntu/cu-arc-21-22/CS/drone_ws/install/controls --record /home/ubuntu/cu-arc-21-22/CS/drone_ws/build/controls/install.log --single-version-externally-managed
[3.895s] running egg_info
[3.898s] writing ../../build/controls/controls.egg-info/PKG-INFO
[3.901s] writing dependency_links to ../../build/controls/controls.egg-info/dependency_links.txt
[3.902s] writing entry points to ../../build/controls/controls.egg-info/entry_points.txt
[3.903s] writing requirements to ../../build/controls/controls.egg-info/requires.txt
[3.904s] writing top-level names to ../../build/controls/controls.egg-info/top_level.txt
[4.053s] reading manifest file '../../build/controls/controls.egg-info/SOURCES.txt'
[4.057s] writing manifest file '../../build/controls/controls.egg-info/SOURCES.txt'
[4.058s] running build
[4.058s] running build_py
[4.061s] running install
[4.064s] running install_lib
[4.074s] running install_data
[4.076s] copying launch/test_hover.launch.py -> /home/ubuntu/cu-arc-21-22/CS/drone_ws/install/controls/share/controls
[4.077s] running install_egg_info
[4.083s] removing '/home/ubuntu/cu-arc-21-22/CS/drone_ws/install/controls/lib/python3.8/site-packages/controls-0.0.0-py3.8.egg-info' (and everything under it)
[4.085s] Copying ../../build/controls/controls.egg-info to /home/ubuntu/cu-arc-21-22/CS/drone_ws/install/controls/lib/python3.8/site-packages/controls-0.0.0-py3.8.egg-info
[4.091s] running install_scripts
[4.158s] Installing distance_sensor script to /home/ubuntu/cu-arc-21-22/CS/drone_ws/install/controls/lib/controls
[4.159s] Installing flight_controller script to /home/ubuntu/cu-arc-21-22/CS/drone_ws/install/controls/lib/controls
[4.159s] Installing killswitch script to /home/ubuntu/cu-arc-21-22/CS/drone_ws/install/controls/lib/controls
[4.160s] Installing pid script to /home/ubuntu/cu-arc-21-22/CS/drone_ws/install/controls/lib/controls
[4.161s] Installing test_flight_controller script to /home/ubuntu/cu-arc-21-22/CS/drone_ws/install/controls/lib/controls
[4.162s] Installing ultrasonic_sensor script to /home/ubuntu/cu-arc-21-22/CS/drone_ws/install/controls/lib/controls
[4.164s] writing list of installed files to '/home/ubuntu/cu-arc-21-22/CS/drone_ws/build/controls/install.log'
[4.259s] Invoked command in '/home/ubuntu/cu-arc-21-22/CS/drone_ws/src/controls' returned '0': PYTHONPATH=/home/ubuntu/cu-arc-21-22/CS/drone_ws/install/controls/lib/python3.8/site-packages:${PYTHONPATH} /usr/bin/python3 setup.py egg_info --egg-base ../../build/controls build --build-base /home/ubuntu/cu-arc-21-22/CS/drone_ws/build/controls/build install --prefix /home/ubuntu/cu-arc-21-22/CS/drone_ws/install/controls --record /home/ubuntu/cu-arc-21-22/CS/drone_ws/build/controls/install.log --single-version-externally-managed
