/home/ubuntu/cu-arc-21-22/CS/drone_ws/install/controls/lib/python3.8/site-packages/controls/fccontrolclass.py
/home/ubuntu/cu-arc-21-22/CS/drone_ws/install/controls/lib/python3.8/site-packages/controls/publishHeight.py
/home/ubuntu/cu-arc-21-22/CS/drone_ws/install/controls/lib/python3.8/site-packages/controls/distanceSensor.py
/home/ubuntu/cu-arc-21-22/CS/drone_ws/install/controls/lib/python3.8/site-packages/controls/__init__.py
/home/ubuntu/cu-arc-21-22/CS/drone_ws/install/controls/lib/python3.8/site-packages/controls/pid.py
/home/ubuntu/cu-arc-21-22/CS/drone_ws/install/controls/lib/python3.8/site-packages/controls/transmitter.py
/home/ubuntu/cu-arc-21-22/CS/drone_ws/install/controls/lib/python3.8/site-packages/controls/__pycache__/fccontrolclass.cpython-38.pyc
/home/ubuntu/cu-arc-21-22/CS/drone_ws/install/controls/lib/python3.8/site-packages/controls/__pycache__/publishHeight.cpython-38.pyc
/home/ubuntu/cu-arc-21-22/CS/drone_ws/install/controls/lib/python3.8/site-packages/controls/__pycache__/distanceSensor.cpython-38.pyc
/home/ubuntu/cu-arc-21-22/CS/drone_ws/install/controls/lib/python3.8/site-packages/controls/__pycache__/__init__.cpython-38.pyc
/home/ubuntu/cu-arc-21-22/CS/drone_ws/install/controls/lib/python3.8/site-packages/controls/__pycache__/pid.cpython-38.pyc
/home/ubuntu/cu-arc-21-22/CS/drone_ws/install/controls/lib/python3.8/site-packages/controls/__pycache__/transmitter.cpython-38.pyc
/home/ubuntu/cu-arc-21-22/CS/drone_ws/install/controls/share/ament_index/resource_index/packages/controls
/home/ubuntu/cu-arc-21-22/CS/drone_ws/install/controls/share/controls/package.xml
/home/ubuntu/cu-arc-21-22/CS/drone_ws/install/controls/share/controls/hover.launch.py
/home/ubuntu/cu-arc-21-22/CS/drone_ws/install/controls/lib/python3.8/site-packages/controls-0.0.0-py3.8.egg-info/entry_points.txt
/home/ubuntu/cu-arc-21-22/CS/drone_ws/install/controls/lib/python3.8/site-packages/controls-0.0.0-py3.8.egg-info/SOURCES.txt
/home/ubuntu/cu-arc-21-22/CS/drone_ws/install/controls/lib/python3.8/site-packages/controls-0.0.0-py3.8.egg-info/requires.txt
/home/ubuntu/cu-arc-21-22/CS/drone_ws/install/controls/lib/python3.8/site-packages/controls-0.0.0-py3.8.egg-info/dependency_links.txt
/home/ubuntu/cu-arc-21-22/CS/drone_ws/install/controls/lib/python3.8/site-packages/controls-0.0.0-py3.8.egg-info/top_level.txt
/home/ubuntu/cu-arc-21-22/CS/drone_ws/install/controls/lib/python3.8/site-packages/controls-0.0.0-py3.8.egg-info/PKG-INFO
/home/ubuntu/cu-arc-21-22/CS/drone_ws/install/controls/lib/python3.8/site-packages/controls-0.0.0-py3.8.egg-info/zip-safe
/home/ubuntu/cu-arc-21-22/CS/drone_ws/install/controls/lib/controls/pid
/home/ubuntu/cu-arc-21-22/CS/drone_ws/install/controls/lib/controls/publishHeight
/home/ubuntu/cu-arc-21-22/CS/drone_ws/install/controls/lib/controls/transmitter
