running egg_info
creating ../../../build/pi_gpio/pi_gpio.egg-info
writing ../../../build/pi_gpio/pi_gpio.egg-info/PKG-INFO
writing dependency_links to ../../../build/pi_gpio/pi_gpio.egg-info/dependency_links.txt
writing entry points to ../../../build/pi_gpio/pi_gpio.egg-info/entry_points.txt
writing requirements to ../../../build/pi_gpio/pi_gpio.egg-info/requires.txt
writing top-level names to ../../../build/pi_gpio/pi_gpio.egg-info/top_level.txt
writing manifest file '../../../build/pi_gpio/pi_gpio.egg-info/SOURCES.txt'
reading manifest file '../../../build/pi_gpio/pi_gpio.egg-info/SOURCES.txt'
writing manifest file '../../../build/pi_gpio/pi_gpio.egg-info/SOURCES.txt'
running build
running build_py
creating /home/ubuntu/cu-arc-21-22/CS/drone_ws/build/pi_gpio/build
creating /home/ubuntu/cu-arc-21-22/CS/drone_ws/build/pi_gpio/build/lib
creating /home/ubuntu/cu-arc-21-22/CS/drone_ws/build/pi_gpio/build/lib/pi_gpio
copying pi_gpio/__init__.py -> /home/ubuntu/cu-arc-21-22/CS/drone_ws/build/pi_gpio/build/lib/pi_gpio
copying pi_gpio/pi_gpio_server.py -> /home/ubuntu/cu-arc-21-22/CS/drone_ws/build/pi_gpio/build/lib/pi_gpio
running install
running install_lib
creating /home/ubuntu/cu-arc-21-22/CS/drone_ws/install/pi_gpio/lib/python3.8/site-packages/pi_gpio
copying /home/ubuntu/cu-arc-21-22/CS/drone_ws/build/pi_gpio/build/lib/pi_gpio/__init__.py -> /home/ubuntu/cu-arc-21-22/CS/drone_ws/install/pi_gpio/lib/python3.8/site-packages/pi_gpio
copying /home/ubuntu/cu-arc-21-22/CS/drone_ws/build/pi_gpio/build/lib/pi_gpio/pi_gpio_server.py -> /home/ubuntu/cu-arc-21-22/CS/drone_ws/install/pi_gpio/lib/python3.8/site-packages/pi_gpio
byte-compiling /home/ubuntu/cu-arc-21-22/CS/drone_ws/install/pi_gpio/lib/python3.8/site-packages/pi_gpio/__init__.py to __init__.cpython-38.pyc
byte-compiling /home/ubuntu/cu-arc-21-22/CS/drone_ws/install/pi_gpio/lib/python3.8/site-packages/pi_gpio/pi_gpio_server.py to pi_gpio_server.cpython-38.pyc
running install_data
creating /home/ubuntu/cu-arc-21-22/CS/drone_ws/install/pi_gpio/share/ament_index
creating /home/ubuntu/cu-arc-21-22/CS/drone_ws/install/pi_gpio/share/ament_index/resource_index
creating /home/ubuntu/cu-arc-21-22/CS/drone_ws/install/pi_gpio/share/ament_index/resource_index/packages
copying resource/pi_gpio -> /home/ubuntu/cu-arc-21-22/CS/drone_ws/install/pi_gpio/share/ament_index/resource_index/packages
copying package.xml -> /home/ubuntu/cu-arc-21-22/CS/drone_ws/install/pi_gpio/share/pi_gpio
running install_egg_info
Copying ../../../build/pi_gpio/pi_gpio.egg-info to /home/ubuntu/cu-arc-21-22/CS/drone_ws/install/pi_gpio/lib/python3.8/site-packages/pi_gpio-0.8.2-py3.8.egg-info
running install_scripts
Installing pi_gpio_server script to /home/ubuntu/cu-arc-21-22/CS/drone_ws/install/pi_gpio/lib/pi_gpio
writing list of installed files to '/home/ubuntu/cu-arc-21-22/CS/drone_ws/build/pi_gpio/install.log'
