[0.095s] Invoking command in '/home/ubuntu/cu-arc-21-22/CS/drone_ws/build/pi_gpio_interface': CMAKE_PREFIX_PATH=${CMAKE_PREFIX_PATH}:/home/ubuntu/cu-arc-21-22/CS/drone_ws/install/controls /usr/bin/cmake /home/ubuntu/cu-arc-21-22/CS/drone_ws/src/ros2_pi_gpio/pi_gpio_interface -DCMAKE_INSTALL_PREFIX=/home/ubuntu/cu-arc-21-22/CS/drone_ws/install/pi_gpio_interface
[0.168s] -- Found ament_cmake: 0.9.9 (/home/ubuntu/ros2_foxy/ros2-linux/share/ament_cmake/cmake)
[0.274s] -- Using PYTHON_EXECUTABLE: /usr/bin/python3
[1.152s] -- Override CMake install command with custom implementation using symlinks instead of copying resources
[1.184s] -- Found rosidl_default_generators: 1.0.1 (/home/ubuntu/ros2_foxy/ros2-linux/share/rosidl_default_generators/cmake)
[1.193s] -- Using all available rosidl_typesupport_c: rosidl_typesupport_fastrtps_c;rosidl_typesupport_introspection_c
[1.209s] -- Found rosidl_adapter: 1.2.1 (/home/ubuntu/ros2_foxy/ros2-linux/share/rosidl_adapter/cmake)
[1.744s] -- Found OpenSSL: /usr/lib/aarch64-linux-gnu/libcrypto.so (found version "1.1.1f")  
[1.983s] -- Found FastRTPS: /home/ubuntu/ros2_foxy/ros2-linux/include  
[2.771s] -- Using all available rosidl_typesupport_cpp: rosidl_typesupport_fastrtps_cpp;rosidl_typesupport_introspection_cpp
[3.098s] -- Found PythonInterp: /usr/bin/python3 (found version "3.8.10") 
[4.406s] -- Found ament_cmake_ros: 0.9.2 (/home/ubuntu/ros2_foxy/ros2-linux/share/ament_cmake_ros/cmake)
[5.899s] -- Using all available rosidl_typesupport_c: rosidl_typesupport_fastrtps_c;rosidl_typesupport_introspection_c
[6.057s] -- Using all available rosidl_typesupport_cpp: rosidl_typesupport_fastrtps_cpp;rosidl_typesupport_introspection_cpp
[6.178s] -- Found PythonInterp: /usr/bin/python3 (found suitable version "3.8.10", minimum required is "3.5") 
[6.199s] -- Found python_cmake_module: 0.8.1 (/home/ubuntu/ros2_foxy/ros2-linux/share/python_cmake_module/cmake)
[6.343s] -- Found PythonLibs: /usr/lib/aarch64-linux-gnu/libpython3.8.so (found suitable version "3.8.10", minimum required is "3.5") 
[6.344s] -- Using PYTHON_EXECUTABLE: /usr/bin/python3
[6.345s] -- Using PYTHON_INCLUDE_DIRS: /usr/include/python3.8
[6.345s] -- Using PYTHON_LIBRARIES: /usr/lib/aarch64-linux-gnu/libpython3.8.so
[6.448s] -- Found PythonExtra: .so  
[6.812s] -- Configuring done
[7.141s] -- Generating done
[7.156s] -- Build files have been written to: /home/ubuntu/cu-arc-21-22/CS/drone_ws/build/pi_gpio_interface
[7.184s] Invoked command in '/home/ubuntu/cu-arc-21-22/CS/drone_ws/build/pi_gpio_interface' returned '0': CMAKE_PREFIX_PATH=${CMAKE_PREFIX_PATH}:/home/ubuntu/cu-arc-21-22/CS/drone_ws/install/controls /usr/bin/cmake /home/ubuntu/cu-arc-21-22/CS/drone_ws/src/ros2_pi_gpio/pi_gpio_interface -DCMAKE_INSTALL_PREFIX=/home/ubuntu/cu-arc-21-22/CS/drone_ws/install/pi_gpio_interface
[7.195s] Invoking command in '/home/ubuntu/cu-arc-21-22/CS/drone_ws/build/pi_gpio_interface': CMAKE_PREFIX_PATH=${CMAKE_PREFIX_PATH}:/home/ubuntu/cu-arc-21-22/CS/drone_ws/install/controls /usr/bin/cmake --build /home/ubuntu/cu-arc-21-22/CS/drone_ws/build/pi_gpio_interface -- -j4 -l4
[7.389s] [  3%] [34m[1mGenerating C code for ROS interfaces[0m
[7.532s] [35m[1mScanning dependencies of target pi_gpio_interface__cpp[0m
[7.590s] [  6%] [34m[1mGenerating C++ code for ROS interfaces[0m
[9.295s] [35m[1mScanning dependencies of target pi_gpio_interface__rosidl_generator_c[0m
[9.383s] [  9%] [32mBuilding C object CMakeFiles/pi_gpio_interface__rosidl_generator_c.dir/rosidl_generator_c/pi_gpio_interface/action/detail/gpio__functions.c.o[0m
[9.482s] [  9%] Built target pi_gpio_interface__cpp
[9.533s] [ 12%] [34m[1mGenerating C++ introspection for ROS interfaces[0m
[9.534s] [ 16%] [34m[1mGenerating C++ type support dispatch for ROS interfaces[0m
[9.535s] [ 19%] [34m[1mGenerating C++ type support for eProsima Fast-RTPS[0m
[9.965s] [ 22%] [32m[1mLinking C shared library libpi_gpio_interface__rosidl_generator_c.so[0m
[10.294s] [ 22%] Built target pi_gpio_interface__rosidl_generator_c
[10.358s] [ 25%] [34m[1mGenerating C type support dispatch for ROS interfaces[0m
[11.139s] [35m[1mScanning dependencies of target pi_gpio_interface__rosidl_typesupport_cpp[0m
[11.302s] [ 29%] [32mBuilding CXX object CMakeFiles/pi_gpio_interface__rosidl_typesupport_cpp.dir/rosidl_typesupport_cpp/pi_gpio_interface/action/gpio__type_support.cpp.o[0m
[11.455s] [35m[1mScanning dependencies of target pi_gpio_interface__rosidl_typesupport_introspection_cpp[0m
[11.598s] [ 32%] [32mBuilding CXX object CMakeFiles/pi_gpio_interface__rosidl_typesupport_introspection_cpp.dir/rosidl_typesupport_introspection_cpp/pi_gpio_interface/action/detail/gpio__type_support.cpp.o[0m
[11.661s] [35m[1mScanning dependencies of target pi_gpio_interface__rosidl_typesupport_fastrtps_cpp[0m
[11.888s] [ 35%] [32mBuilding CXX object CMakeFiles/pi_gpio_interface__rosidl_typesupport_fastrtps_cpp.dir/rosidl_typesupport_fastrtps_cpp/pi_gpio_interface/action/detail/dds_fastrtps/gpio__type_support.cpp.o[0m
[12.067s] [35m[1mScanning dependencies of target pi_gpio_interface__rosidl_typesupport_c[0m
[12.242s] [ 38%] [32mBuilding CXX object CMakeFiles/pi_gpio_interface__rosidl_typesupport_c.dir/rosidl_typesupport_c/pi_gpio_interface/action/gpio__type_support.cpp.o[0m
[12.804s] [ 41%] [32m[1mLinking CXX shared library libpi_gpio_interface__rosidl_typesupport_c.so[0m
[13.069s] [ 41%] Built target pi_gpio_interface__rosidl_typesupport_c
[13.133s] [ 45%] [34m[1mGenerating C introspection for ROS interfaces[0m
[13.694s] [ 48%] [32m[1mLinking CXX shared library libpi_gpio_interface__rosidl_typesupport_cpp.so[0m
[13.986s] [ 48%] Built target pi_gpio_interface__rosidl_typesupport_cpp
[13.995s] [ 51%] [32m[1mLinking CXX shared library libpi_gpio_interface__rosidl_typesupport_introspection_cpp.so[0m
[14.347s] [ 51%] Built target pi_gpio_interface__rosidl_typesupport_introspection_cpp
[14.990s] [ 54%] [32m[1mLinking CXX shared library libpi_gpio_interface__rosidl_typesupport_fastrtps_cpp.so[0m
[15.161s] [35m[1mScanning dependencies of target pi_gpio_interface__rosidl_typesupport_introspection_c[0m
[15.247s] [ 58%] [32mBuilding C object CMakeFiles/pi_gpio_interface__rosidl_typesupport_introspection_c.dir/rosidl_typesupport_introspection_c/pi_gpio_interface/action/detail/gpio__type_support.c.o[0m
[15.411s] [ 58%] Built target pi_gpio_interface__rosidl_typesupport_fastrtps_cpp
[15.461s] [ 61%] [34m[1mGenerating C type support for eProsima Fast-RTPS[0m
[15.496s] [ 64%] [32m[1mLinking C shared library libpi_gpio_interface__rosidl_typesupport_introspection_c.so[0m
[15.648s] [ 64%] Built target pi_gpio_interface__rosidl_typesupport_introspection_c
[17.135s] [35m[1mScanning dependencies of target pi_gpio_interface__rosidl_typesupport_fastrtps_c[0m
[17.251s] [ 67%] [32mBuilding CXX object CMakeFiles/pi_gpio_interface__rosidl_typesupport_fastrtps_c.dir/rosidl_typesupport_fastrtps_c/pi_gpio_interface/action/detail/gpio__type_support_c.cpp.o[0m
[19.104s] [ 70%] [32m[1mLinking CXX shared library libpi_gpio_interface__rosidl_typesupport_fastrtps_c.so[0m
[19.479s] [ 70%] Built target pi_gpio_interface__rosidl_typesupport_fastrtps_c
[19.525s] [35m[1mScanning dependencies of target pi_gpio_interface[0m
[19.571s] [ 70%] Built target pi_gpio_interface
[19.617s] [35m[1mScanning dependencies of target pi_gpio_interface__py[0m
[19.665s] [ 74%] [34m[1mGenerating Python code for ROS interfaces[0m
[34.354s] [ 74%] Built target pi_gpio_interface__py
[34.398s] [35m[1mScanning dependencies of target pi_gpio_interface__python[0m
[34.593s] [ 77%] [32mBuilding C object CMakeFiles/pi_gpio_interface__python.dir/rosidl_generator_py/pi_gpio_interface/action/_gpio_s.c.o[0m
[35.263s] [ 80%] [32m[1mLinking C shared library rosidl_generator_py/pi_gpio_interface/libpi_gpio_interface__python.so[0m
[35.481s] [ 80%] Built target pi_gpio_interface__python
[35.528s] [35m[1mScanning dependencies of target pi_gpio_interface__rosidl_typesupport_c__pyext[0m
[35.529s] [35m[1mScanning dependencies of target pi_gpio_interface__rosidl_typesupport_introspection_c__pyext[0m
[35.532s] [35m[1mScanning dependencies of target pi_gpio_interface__rosidl_typesupport_fastrtps_c__pyext[0m
[35.655s] [ 83%] [32mBuilding C object CMakeFiles/pi_gpio_interface__rosidl_typesupport_c__pyext.dir/rosidl_generator_py/pi_gpio_interface/_pi_gpio_interface_s.ep.rosidl_typesupport_c.c.o[0m
[35.665s] [ 87%] [32mBuilding C object CMakeFiles/pi_gpio_interface__rosidl_typesupport_introspection_c__pyext.dir/rosidl_generator_py/pi_gpio_interface/_pi_gpio_interface_s.ep.rosidl_typesupport_introspection_c.c.o[0m
[35.691s] [ 90%] [32mBuilding C object CMakeFiles/pi_gpio_interface__rosidl_typesupport_fastrtps_c__pyext.dir/rosidl_generator_py/pi_gpio_interface/_pi_gpio_interface_s.ep.rosidl_typesupport_fastrtps_c.c.o[0m
[36.206s] [ 96%] [32m[1mLinking C shared library rosidl_generator_py/pi_gpio_interface/pi_gpio_interface_s__rosidl_typesupport_c.cpython-38-aarch64-linux-gnu.so[0m
[36.207s] [ 96%] [32m[1mLinking C shared library rosidl_generator_py/pi_gpio_interface/pi_gpio_interface_s__rosidl_typesupport_introspection_c.cpython-38-aarch64-linux-gnu.so[0m
[36.317s] [100%] [32m[1mLinking CXX shared library rosidl_generator_py/pi_gpio_interface/pi_gpio_interface_s__rosidl_typesupport_fastrtps_c.cpython-38-aarch64-linux-gnu.so[0m
[36.491s] [100%] Built target pi_gpio_interface__rosidl_typesupport_introspection_c__pyext
[36.495s] [100%] Built target pi_gpio_interface__rosidl_typesupport_c__pyext
[36.741s] [100%] Built target pi_gpio_interface__rosidl_typesupport_fastrtps_c__pyext
[36.784s] Invoked command in '/home/ubuntu/cu-arc-21-22/CS/drone_ws/build/pi_gpio_interface' returned '0': CMAKE_PREFIX_PATH=${CMAKE_PREFIX_PATH}:/home/ubuntu/cu-arc-21-22/CS/drone_ws/install/controls /usr/bin/cmake --build /home/ubuntu/cu-arc-21-22/CS/drone_ws/build/pi_gpio_interface -- -j4 -l4
[37.152s] Invoking command in '/home/ubuntu/cu-arc-21-22/CS/drone_ws/build/pi_gpio_interface': CMAKE_PREFIX_PATH=${CMAKE_PREFIX_PATH}:/home/ubuntu/cu-arc-21-22/CS/drone_ws/install/controls /usr/bin/cmake --install /home/ubuntu/cu-arc-21-22/CS/drone_ws/build/pi_gpio_interface
[37.188s] -- Install configuration: ""
[37.190s] -- Execute custom install script
[37.192s] -- Symlinking: /home/ubuntu/cu-arc-21-22/CS/drone_ws/install/pi_gpio_interface/share/ament_index/resource_index/rosidl_interfaces/pi_gpio_interface
[37.230s] -- Symlinking: /home/ubuntu/cu-arc-21-22/CS/drone_ws/install/pi_gpio_interface/include/pi_gpio_interface/action/detail/gpio__functions.h
[37.266s] -- Symlinking: /home/ubuntu/cu-arc-21-22/CS/drone_ws/install/pi_gpio_interface/include/pi_gpio_interface/action/detail/gpio__struct.h
[37.304s] -- Symlinking: /home/ubuntu/cu-arc-21-22/CS/drone_ws/install/pi_gpio_interface/include/pi_gpio_interface/action/detail/gpio__type_support.h
[37.340s] -- Symlinking: /home/ubuntu/cu-arc-21-22/CS/drone_ws/install/pi_gpio_interface/include/pi_gpio_interface/action/gpio.h
[37.376s] -- Symlinking: /home/ubuntu/cu-arc-21-22/CS/drone_ws/install/pi_gpio_interface/include/pi_gpio_interface/msg/rosidl_generator_c__visibility_control.h
[37.414s] -- Symlinking: /home/ubuntu/cu-arc-21-22/CS/drone_ws/install/pi_gpio_interface/share/pi_gpio_interface/environment/library_path.sh
[37.450s] -- Symlinking: /home/ubuntu/cu-arc-21-22/CS/drone_ws/install/pi_gpio_interface/share/pi_gpio_interface/environment/library_path.dsv
[37.487s] -- Symlinking: /home/ubuntu/cu-arc-21-22/CS/drone_ws/install/pi_gpio_interface/include/pi_gpio_interface/action/detail/gpio__rosidl_typesupport_fastrtps_c.h
[37.523s] -- Symlinking: /home/ubuntu/cu-arc-21-22/CS/drone_ws/install/pi_gpio_interface/include/pi_gpio_interface/msg/rosidl_typesupport_fastrtps_c__visibility_control.h
[37.560s] -- Symlinking: /home/ubuntu/cu-arc-21-22/CS/drone_ws/install/pi_gpio_interface/lib/libpi_gpio_interface__rosidl_typesupport_fastrtps_c.so
[37.598s] -- Symlinking: /home/ubuntu/cu-arc-21-22/CS/drone_ws/install/pi_gpio_interface/include/pi_gpio_interface/action/detail/gpio__rosidl_typesupport_fastrtps_cpp.hpp
[37.634s] -- Symlinking: /home/ubuntu/cu-arc-21-22/CS/drone_ws/install/pi_gpio_interface/include/pi_gpio_interface/msg/rosidl_typesupport_fastrtps_cpp__visibility_control.h
[37.671s] -- Symlinking: /home/ubuntu/cu-arc-21-22/CS/drone_ws/install/pi_gpio_interface/lib/libpi_gpio_interface__rosidl_typesupport_fastrtps_cpp.so
[37.708s] -- Symlinking: /home/ubuntu/cu-arc-21-22/CS/drone_ws/install/pi_gpio_interface/include/pi_gpio_interface/action/detail/gpio__rosidl_typesupport_introspection_c.h
[37.742s] -- Symlinking: /home/ubuntu/cu-arc-21-22/CS/drone_ws/install/pi_gpio_interface/include/pi_gpio_interface/msg/rosidl_typesupport_introspection_c__visibility_control.h
[37.779s] -- Symlinking: /home/ubuntu/cu-arc-21-22/CS/drone_ws/install/pi_gpio_interface/include/pi_gpio_interface/action/detail/gpio__builder.hpp
[37.815s] -- Symlinking: /home/ubuntu/cu-arc-21-22/CS/drone_ws/install/pi_gpio_interface/include/pi_gpio_interface/action/detail/gpio__struct.hpp
[37.850s] -- Symlinking: /home/ubuntu/cu-arc-21-22/CS/drone_ws/install/pi_gpio_interface/include/pi_gpio_interface/action/detail/gpio__traits.hpp
[37.884s] -- Symlinking: /home/ubuntu/cu-arc-21-22/CS/drone_ws/install/pi_gpio_interface/include/pi_gpio_interface/action/gpio.hpp
[37.921s] -- Symlinking: /home/ubuntu/cu-arc-21-22/CS/drone_ws/install/pi_gpio_interface/include/pi_gpio_interface/action/detail/gpio__rosidl_typesupport_introspection_cpp.hpp
[37.956s] -- Symlinking: /home/ubuntu/cu-arc-21-22/CS/drone_ws/install/pi_gpio_interface/share/pi_gpio_interface/environment/pythonpath.sh
[37.991s] -- Symlinking: /home/ubuntu/cu-arc-21-22/CS/drone_ws/install/pi_gpio_interface/share/pi_gpio_interface/environment/pythonpath.dsv
[38.027s] -- Symlinking: /home/ubuntu/cu-arc-21-22/CS/drone_ws/install/pi_gpio_interface/lib/python3.8/site-packages/pi_gpio_interface/__init__.py
[38.064s] -- Symlinking: /home/ubuntu/cu-arc-21-22/CS/drone_ws/install/pi_gpio_interface/lib/python3.8/site-packages/pi_gpio_interface/action/__init__.py
[38.102s] -- Symlinking: /home/ubuntu/cu-arc-21-22/CS/drone_ws/install/pi_gpio_interface/lib/python3.8/site-packages/pi_gpio_interface/action/_gpio.py
[38.140s] -- Symlinking: /home/ubuntu/cu-arc-21-22/CS/drone_ws/install/pi_gpio_interface/lib/python3.8/site-packages/pi_gpio_interface/pi_gpio_interface_s__rosidl_typesupport_fastrtps_c.cpython-38-aarch64-linux-gnu.so
[38.175s] -- Symlinking: /home/ubuntu/cu-arc-21-22/CS/drone_ws/install/pi_gpio_interface/lib/python3.8/site-packages/pi_gpio_interface/pi_gpio_interface_s__rosidl_typesupport_introspection_c.cpython-38-aarch64-linux-gnu.so
[38.217s] -- Symlinking: /home/ubuntu/cu-arc-21-22/CS/drone_ws/install/pi_gpio_interface/lib/python3.8/site-packages/pi_gpio_interface/pi_gpio_interface_s__rosidl_typesupport_c.cpython-38-aarch64-linux-gnu.so
[38.258s] -- Symlinking: /home/ubuntu/cu-arc-21-22/CS/drone_ws/install/pi_gpio_interface/lib/libpi_gpio_interface__python.so
[38.296s] -- Symlinking: /home/ubuntu/cu-arc-21-22/CS/drone_ws/install/pi_gpio_interface/share/pi_gpio_interface/action/GPIO.idl
[38.334s] -- Symlinking: /home/ubuntu/cu-arc-21-22/CS/drone_ws/install/pi_gpio_interface/share/pi_gpio_interface/action/GPIO.action
[38.371s] -- Symlinking: /home/ubuntu/cu-arc-21-22/CS/drone_ws/install/pi_gpio_interface/share/ament_index/resource_index/package_run_dependencies/pi_gpio_interface
[38.411s] -- Symlinking: /home/ubuntu/cu-arc-21-22/CS/drone_ws/install/pi_gpio_interface/share/ament_index/resource_index/parent_prefix_path/pi_gpio_interface
[38.448s] -- Symlinking: /home/ubuntu/cu-arc-21-22/CS/drone_ws/install/pi_gpio_interface/share/pi_gpio_interface/environment/ament_prefix_path.sh
[38.485s] -- Symlinking: /home/ubuntu/cu-arc-21-22/CS/drone_ws/install/pi_gpio_interface/share/pi_gpio_interface/environment/ament_prefix_path.dsv
[38.523s] -- Symlinking: /home/ubuntu/cu-arc-21-22/CS/drone_ws/install/pi_gpio_interface/share/pi_gpio_interface/environment/path.sh
[38.560s] -- Symlinking: /home/ubuntu/cu-arc-21-22/CS/drone_ws/install/pi_gpio_interface/share/pi_gpio_interface/environment/path.dsv
[38.597s] -- Symlinking: /home/ubuntu/cu-arc-21-22/CS/drone_ws/install/pi_gpio_interface/share/pi_gpio_interface/local_setup.bash
[38.635s] -- Symlinking: /home/ubuntu/cu-arc-21-22/CS/drone_ws/install/pi_gpio_interface/share/pi_gpio_interface/local_setup.sh
[38.672s] -- Symlinking: /home/ubuntu/cu-arc-21-22/CS/drone_ws/install/pi_gpio_interface/share/pi_gpio_interface/local_setup.zsh
[38.710s] -- Symlinking: /home/ubuntu/cu-arc-21-22/CS/drone_ws/install/pi_gpio_interface/share/pi_gpio_interface/local_setup.dsv
[38.748s] -- Symlinking: /home/ubuntu/cu-arc-21-22/CS/drone_ws/install/pi_gpio_interface/share/pi_gpio_interface/package.dsv
[38.785s] -- Symlinking: /home/ubuntu/cu-arc-21-22/CS/drone_ws/install/pi_gpio_interface/share/ament_index/resource_index/packages/pi_gpio_interface
[38.823s] -- Symlinking: /home/ubuntu/cu-arc-21-22/CS/drone_ws/install/pi_gpio_interface/share/pi_gpio_interface/cmake/rosidl_cmake-extras.cmake
[38.860s] -- Symlinking: /home/ubuntu/cu-arc-21-22/CS/drone_ws/install/pi_gpio_interface/share/pi_gpio_interface/cmake/ament_cmake_export_dependencies-extras.cmake
[38.897s] -- Symlinking: /home/ubuntu/cu-arc-21-22/CS/drone_ws/install/pi_gpio_interface/share/pi_gpio_interface/cmake/ament_cmake_export_libraries-extras.cmake
[38.935s] -- Symlinking: /home/ubuntu/cu-arc-21-22/CS/drone_ws/install/pi_gpio_interface/share/pi_gpio_interface/cmake/ament_cmake_export_targets-extras.cmake
[38.973s] -- Symlinking: /home/ubuntu/cu-arc-21-22/CS/drone_ws/install/pi_gpio_interface/share/pi_gpio_interface/cmake/ament_cmake_export_include_directories-extras.cmake
[39.011s] -- Symlinking: /home/ubuntu/cu-arc-21-22/CS/drone_ws/install/pi_gpio_interface/share/pi_gpio_interface/cmake/rosidl_cmake_export_typesupport_libraries-extras.cmake
[39.047s] -- Symlinking: /home/ubuntu/cu-arc-21-22/CS/drone_ws/install/pi_gpio_interface/share/pi_gpio_interface/cmake/rosidl_cmake_export_typesupport_targets-extras.cmake
[39.113s] -- Symlinking: /home/ubuntu/cu-arc-21-22/CS/drone_ws/install/pi_gpio_interface/share/pi_gpio_interface/cmake/pi_gpio_interfaceConfig.cmake
[39.153s] -- Symlinking: /home/ubuntu/cu-arc-21-22/CS/drone_ws/install/pi_gpio_interface/share/pi_gpio_interface/cmake/pi_gpio_interfaceConfig-version.cmake
[39.187s] -- Symlinking: /home/ubuntu/cu-arc-21-22/CS/drone_ws/install/pi_gpio_interface/share/pi_gpio_interface/package.xml
[39.222s] -- Installing: /home/ubuntu/cu-arc-21-22/CS/drone_ws/install/pi_gpio_interface/lib/libpi_gpio_interface__rosidl_generator_c.so
[39.225s] -- Set runtime path of "/home/ubuntu/cu-arc-21-22/CS/drone_ws/install/pi_gpio_interface/lib/libpi_gpio_interface__rosidl_generator_c.so" to ""
[39.225s] -- Installing: /home/ubuntu/cu-arc-21-22/CS/drone_ws/install/pi_gpio_interface/lib/libpi_gpio_interface__rosidl_typesupport_introspection_c.so
[39.228s] -- Set runtime path of "/home/ubuntu/cu-arc-21-22/CS/drone_ws/install/pi_gpio_interface/lib/libpi_gpio_interface__rosidl_typesupport_introspection_c.so" to ""
[39.229s] -- Installing: /home/ubuntu/cu-arc-21-22/CS/drone_ws/install/pi_gpio_interface/lib/libpi_gpio_interface__rosidl_typesupport_c.so
[39.232s] -- Set runtime path of "/home/ubuntu/cu-arc-21-22/CS/drone_ws/install/pi_gpio_interface/lib/libpi_gpio_interface__rosidl_typesupport_c.so" to ""
[39.233s] -- Installing: /home/ubuntu/cu-arc-21-22/CS/drone_ws/install/pi_gpio_interface/lib/libpi_gpio_interface__rosidl_typesupport_introspection_cpp.so
[39.236s] -- Set runtime path of "/home/ubuntu/cu-arc-21-22/CS/drone_ws/install/pi_gpio_interface/lib/libpi_gpio_interface__rosidl_typesupport_introspection_cpp.so" to ""
[39.236s] -- Installing: /home/ubuntu/cu-arc-21-22/CS/drone_ws/install/pi_gpio_interface/lib/libpi_gpio_interface__rosidl_typesupport_cpp.so
[39.239s] -- Set runtime path of "/home/ubuntu/cu-arc-21-22/CS/drone_ws/install/pi_gpio_interface/lib/libpi_gpio_interface__rosidl_typesupport_cpp.so" to ""
[39.378s] Compiling '/home/ubuntu/cu-arc-21-22/CS/drone_ws/install/pi_gpio_interface/lib/python3.8/site-packages/pi_gpio_interface/__init__.py'...
[39.399s] -- Installing: /home/ubuntu/cu-arc-21-22/CS/drone_ws/install/pi_gpio_interface/share/pi_gpio_interface/cmake/pi_gpio_interface__rosidl_generator_cExport.cmake
[39.400s] -- Installing: /home/ubuntu/cu-arc-21-22/CS/drone_ws/install/pi_gpio_interface/share/pi_gpio_interface/cmake/pi_gpio_interface__rosidl_generator_cExport-noconfig.cmake
[39.402s] -- Installing: /home/ubuntu/cu-arc-21-22/CS/drone_ws/install/pi_gpio_interface/share/pi_gpio_interface/cmake/pi_gpio_interface__rosidl_typesupport_introspection_cExport.cmake
[39.404s] -- Installing: /home/ubuntu/cu-arc-21-22/CS/drone_ws/install/pi_gpio_interface/share/pi_gpio_interface/cmake/pi_gpio_interface__rosidl_typesupport_introspection_cExport-noconfig.cmake
[39.407s] -- Installing: /home/ubuntu/cu-arc-21-22/CS/drone_ws/install/pi_gpio_interface/share/pi_gpio_interface/cmake/pi_gpio_interface__rosidl_typesupport_cExport.cmake
[39.409s] -- Installing: /home/ubuntu/cu-arc-21-22/CS/drone_ws/install/pi_gpio_interface/share/pi_gpio_interface/cmake/pi_gpio_interface__rosidl_typesupport_cExport-noconfig.cmake
[39.410s] -- Installing: /home/ubuntu/cu-arc-21-22/CS/drone_ws/install/pi_gpio_interface/share/pi_gpio_interface/cmake/pi_gpio_interface__rosidl_generator_cppExport.cmake
[39.413s] -- Installing: /home/ubuntu/cu-arc-21-22/CS/drone_ws/install/pi_gpio_interface/share/pi_gpio_interface/cmake/pi_gpio_interface__rosidl_typesupport_introspection_cppExport.cmake
[39.415s] -- Installing: /home/ubuntu/cu-arc-21-22/CS/drone_ws/install/pi_gpio_interface/share/pi_gpio_interface/cmake/pi_gpio_interface__rosidl_typesupport_introspection_cppExport-noconfig.cmake
[39.416s] -- Installing: /home/ubuntu/cu-arc-21-22/CS/drone_ws/install/pi_gpio_interface/share/pi_gpio_interface/cmake/pi_gpio_interface__rosidl_typesupport_cppExport.cmake
[39.418s] -- Installing: /home/ubuntu/cu-arc-21-22/CS/drone_ws/install/pi_gpio_interface/share/pi_gpio_interface/cmake/pi_gpio_interface__rosidl_typesupport_cppExport-noconfig.cmake
[39.427s] Invoked command in '/home/ubuntu/cu-arc-21-22/CS/drone_ws/build/pi_gpio_interface' returned '0': CMAKE_PREFIX_PATH=${CMAKE_PREFIX_PATH}:/home/ubuntu/cu-arc-21-22/CS/drone_ws/install/controls /usr/bin/cmake --install /home/ubuntu/cu-arc-21-22/CS/drone_ws/build/pi_gpio_interface
