[1.780s] DEBUG:colcon:Command line arguments: ['/usr/bin/colcon', 'build']
[1.780s] DEBUG:colcon:Parsed command line arguments: Namespace(ament_cmake_args=None, base_paths=['.'], build_base='build', catkin_cmake_args=None, catkin_skip_building_tests=False, cmake_args=None, cmake_clean_cache=False, cmake_clean_first=False, cmake_force_configure=False, cmake_target=None, cmake_target_skip_unavailable=False, continue_on_error=False, event_handlers=None, executor='parallel', ignore_user_meta=False, install_base='install', log_base=None, log_level=None, main=<bound method BuildVerb.main of <colcon_core.verb.build.BuildVerb object at 0xffffa57f2970>>, merge_install=False, metas=['./colcon.meta'], packages_above=None, packages_above_and_dependencies=None, packages_above_depth=None, packages_end=None, packages_ignore=None, packages_ignore_regex=None, packages_select=None, packages_select_build_failed=False, packages_select_by_dep=None, packages_select_regex=None, packages_select_test_failures=False, packages_skip=None, packages_skip_build_finished=False, packages_skip_by_dep=None, packages_skip_regex=None, packages_skip_test_passed=False, packages_skip_up_to=None, packages_start=None, packages_up_to=None, packages_up_to_regex=None, parallel_workers=4, paths=None, symlink_install=False, test_result_base=None, verb_extension=<colcon_core.verb.build.BuildVerb object at 0xffffa57f2970>, verb_name='build', verb_parser=<colcon_defaults.argument_parser.defaults.DefaultArgumentsDecorator object at 0xffffa57f2ee0>)
[1.808s] Level 1:colcon.colcon_core.package_discovery:discover_packages(colcon_meta) check parameters
[1.808s] Level 1:colcon.colcon_core.package_discovery:discover_packages(recursive) check parameters
[1.809s] Level 1:colcon.colcon_core.package_discovery:discover_packages(ignore) check parameters
[1.809s] Level 1:colcon.colcon_core.package_discovery:discover_packages(path) check parameters
[1.809s] Level 1:colcon.colcon_core.package_discovery:discover_packages(colcon_meta) discover
[1.809s] Level 1:colcon.colcon_core.package_discovery:discover_packages(recursive) discover
[1.810s] INFO:colcon.colcon_core.package_discovery:Crawling recursively for packages in '/home/ubuntu/cu-arc-21-22/CS/drone_ws'
[1.810s] Level 1:colcon.colcon_core.package_identification:_identify(.) by extensions ['ignore', 'ignore_ament_install']
[1.811s] Level 1:colcon.colcon_core.package_identification:_identify(.) by extension 'ignore'
[1.811s] Level 1:colcon.colcon_core.package_identification:_identify(.) by extension 'ignore_ament_install'
[1.812s] Level 1:colcon.colcon_core.package_identification:_identify(.) by extensions ['colcon_pkg']
[1.812s] Level 1:colcon.colcon_core.package_identification:_identify(.) by extension 'colcon_pkg'
[1.812s] Level 1:colcon.colcon_core.package_identification:_identify(.) by extensions ['colcon_meta']
[1.812s] Level 1:colcon.colcon_core.package_identification:_identify(.) by extension 'colcon_meta'
[1.813s] Level 1:colcon.colcon_core.package_identification:_identify(.) by extensions ['ros']
[1.813s] Level 1:colcon.colcon_core.package_identification:_identify(.) by extension 'ros'
[1.867s] Level 1:colcon.colcon_core.package_identification:_identify(.) by extensions ['cmake', 'python']
[1.867s] Level 1:colcon.colcon_core.package_identification:_identify(.) by extension 'cmake'
[1.868s] Level 1:colcon.colcon_core.package_identification:_identify(.) by extension 'python'
[1.869s] Level 1:colcon.colcon_core.package_identification:_identify(.) by extensions ['python_setup_py']
[1.869s] Level 1:colcon.colcon_core.package_identification:_identify(.) by extension 'python_setup_py'
[1.870s] Level 1:colcon.colcon_core.package_identification:_identify(build) by extensions ['ignore', 'ignore_ament_install']
[1.871s] Level 1:colcon.colcon_core.package_identification:_identify(build) by extension 'ignore'
[1.872s] Level 1:colcon.colcon_core.package_identification:_identify(build) ignored
[1.874s] Level 1:colcon.colcon_core.package_identification:_identify(install) by extensions ['ignore', 'ignore_ament_install']
[1.875s] Level 1:colcon.colcon_core.package_identification:_identify(install) by extension 'ignore'
[1.876s] Level 1:colcon.colcon_core.package_identification:_identify(install) ignored
[1.879s] Level 1:colcon.colcon_core.package_identification:_identify(log) by extensions ['ignore', 'ignore_ament_install']
[1.880s] Level 1:colcon.colcon_core.package_identification:_identify(log) by extension 'ignore'
[1.880s] Level 1:colcon.colcon_core.package_identification:_identify(log) ignored
[1.882s] Level 1:colcon.colcon_core.package_identification:_identify(src) by extensions ['ignore', 'ignore_ament_install']
[1.883s] Level 1:colcon.colcon_core.package_identification:_identify(src) by extension 'ignore'
[1.884s] Level 1:colcon.colcon_core.package_identification:_identify(src) by extension 'ignore_ament_install'
[1.885s] Level 1:colcon.colcon_core.package_identification:_identify(src) by extensions ['colcon_pkg']
[1.886s] Level 1:colcon.colcon_core.package_identification:_identify(src) by extension 'colcon_pkg'
[1.886s] Level 1:colcon.colcon_core.package_identification:_identify(src) by extensions ['colcon_meta']
[1.887s] Level 1:colcon.colcon_core.package_identification:_identify(src) by extension 'colcon_meta'
[1.888s] Level 1:colcon.colcon_core.package_identification:_identify(src) by extensions ['ros']
[1.888s] Level 1:colcon.colcon_core.package_identification:_identify(src) by extension 'ros'
[1.890s] Level 1:colcon.colcon_core.package_identification:_identify(src) by extensions ['cmake', 'python']
[1.890s] Level 1:colcon.colcon_core.package_identification:_identify(src) by extension 'cmake'
[1.891s] Level 1:colcon.colcon_core.package_identification:_identify(src) by extension 'python'
[1.892s] Level 1:colcon.colcon_core.package_identification:_identify(src) by extensions ['python_setup_py']
[1.892s] Level 1:colcon.colcon_core.package_identification:_identify(src) by extension 'python_setup_py'
[1.893s] Level 1:colcon.colcon_core.package_identification:_identify(src/controls) by extensions ['ignore', 'ignore_ament_install']
[1.894s] Level 1:colcon.colcon_core.package_identification:_identify(src/controls) by extension 'ignore'
[1.895s] Level 1:colcon.colcon_core.package_identification:_identify(src/controls) by extension 'ignore_ament_install'
[1.896s] Level 1:colcon.colcon_core.package_identification:_identify(src/controls) by extensions ['colcon_pkg']
[1.896s] Level 1:colcon.colcon_core.package_identification:_identify(src/controls) by extension 'colcon_pkg'
[1.897s] Level 1:colcon.colcon_core.package_identification:_identify(src/controls) by extensions ['colcon_meta']
[1.897s] Level 1:colcon.colcon_core.package_identification:_identify(src/controls) by extension 'colcon_meta'
[1.898s] Level 1:colcon.colcon_core.package_identification:_identify(src/controls) by extensions ['ros']
[1.899s] Level 1:colcon.colcon_core.package_identification:_identify(src/controls) by extension 'ros'
[1.918s] DEBUG:colcon.colcon_core.package_identification:Package 'src/controls' with type 'ros.ament_python' and name 'controls'
[1.918s] Level 1:colcon.colcon_core.package_discovery:discover_packages(recursive) using defaults
[1.919s] Level 1:colcon.colcon_core.package_discovery:discover_packages(ignore) discover
[1.919s] Level 1:colcon.colcon_core.package_discovery:discover_packages(ignore) using defaults
[1.920s] Level 1:colcon.colcon_core.package_discovery:discover_packages(path) discover
[1.920s] Level 1:colcon.colcon_core.package_discovery:discover_packages(path) using defaults
[2.094s] Level 5:colcon.colcon_core.verb:set package 'controls' build argument 'cmake_args' from command line to 'None'
[2.095s] Level 5:colcon.colcon_core.verb:set package 'controls' build argument 'cmake_target' from command line to 'None'
[2.096s] Level 5:colcon.colcon_core.verb:set package 'controls' build argument 'cmake_target_skip_unavailable' from command line to 'False'
[2.096s] Level 5:colcon.colcon_core.verb:set package 'controls' build argument 'cmake_clean_cache' from command line to 'False'
[2.096s] Level 5:colcon.colcon_core.verb:set package 'controls' build argument 'cmake_clean_first' from command line to 'False'
[2.097s] Level 5:colcon.colcon_core.verb:set package 'controls' build argument 'cmake_force_configure' from command line to 'False'
[2.097s] Level 5:colcon.colcon_core.verb:set package 'controls' build argument 'ament_cmake_args' from command line to 'None'
[2.097s] Level 5:colcon.colcon_core.verb:set package 'controls' build argument 'catkin_cmake_args' from command line to 'None'
[2.098s] Level 5:colcon.colcon_core.verb:set package 'controls' build argument 'catkin_skip_building_tests' from command line to 'False'
[2.098s] DEBUG:colcon.colcon_core.verb:Building package 'controls' with the following arguments: {'ament_cmake_args': None, 'build_base': '/home/ubuntu/cu-arc-21-22/CS/drone_ws/build/controls', 'catkin_cmake_args': None, 'catkin_skip_building_tests': False, 'cmake_args': None, 'cmake_clean_cache': False, 'cmake_clean_first': False, 'cmake_force_configure': False, 'cmake_target': None, 'cmake_target_skip_unavailable': False, 'install_base': '/home/ubuntu/cu-arc-21-22/CS/drone_ws/install/controls', 'merge_install': False, 'path': '/home/ubuntu/cu-arc-21-22/CS/drone_ws/src/controls', 'symlink_install': False, 'test_result_base': None}
[2.102s] INFO:colcon.colcon_core.executor:Executing jobs using 'parallel' executor
[2.119s] DEBUG:colcon.colcon_parallel_executor.executor.parallel:run_until_complete
[2.121s] INFO:colcon.colcon_ros.task.ament_python.build:Building ROS package in '/home/ubuntu/cu-arc-21-22/CS/drone_ws/src/controls' with build type 'ament_python'
[2.122s] Level 1:colcon.colcon_core.shell:create_environment_hook('controls', 'ament_prefix_path')
[2.157s] INFO:colcon.colcon_core.plugin_system:Skipping extension 'colcon_core.shell.bat': Not used on non-Windows systems
[2.159s] INFO:colcon.colcon_core.shell:Creating environment hook '/home/ubuntu/cu-arc-21-22/CS/drone_ws/install/controls/share/controls/hook/ament_prefix_path.ps1'
[2.165s] INFO:colcon.colcon_core.shell:Creating environment descriptor '/home/ubuntu/cu-arc-21-22/CS/drone_ws/install/controls/share/controls/hook/ament_prefix_path.dsv'
[2.171s] INFO:colcon.colcon_core.shell:Creating environment hook '/home/ubuntu/cu-arc-21-22/CS/drone_ws/install/controls/share/controls/hook/ament_prefix_path.sh'
[2.182s] INFO:colcon.colcon_core.shell:Skip shell extension 'powershell' for command environment: Not usable outside of PowerShell
[2.183s] DEBUG:colcon.colcon_core.shell:Skip shell extension 'dsv' for command environment
[4.543s] INFO:colcon.colcon_core.task.python.build:Building Python package in '/home/ubuntu/cu-arc-21-22/CS/drone_ws/src/controls'
[4.547s] INFO:colcon.colcon_core.shell:Skip shell extension 'powershell' for command environment: Not usable outside of PowerShell
[4.547s] DEBUG:colcon.colcon_core.shell:Skip shell extension 'dsv' for command environment
[4.599s] DEBUG:colcon.colcon_core.event_handler.log_command:Invoking command in '/home/ubuntu/cu-arc-21-22/CS/drone_ws/src/controls': PYTHONPATH=/home/ubuntu/cu-arc-21-22/CS/drone_ws/install/controls/lib/python3.8/site-packages:${PYTHONPATH} /usr/bin/python3 setup.py egg_info --egg-base ../../build/controls build --build-base /home/ubuntu/cu-arc-21-22/CS/drone_ws/build/controls/build install --prefix /home/ubuntu/cu-arc-21-22/CS/drone_ws/install/controls --record /home/ubuntu/cu-arc-21-22/CS/drone_ws/build/controls/install.log --single-version-externally-managed
[7.614s] DEBUG:colcon.colcon_core.event_handler.log_command:Invoked command in '/home/ubuntu/cu-arc-21-22/CS/drone_ws/src/controls' returned '0': PYTHONPATH=/home/ubuntu/cu-arc-21-22/CS/drone_ws/install/controls/lib/python3.8/site-packages:${PYTHONPATH} /usr/bin/python3 setup.py egg_info --egg-base ../../build/controls build --build-base /home/ubuntu/cu-arc-21-22/CS/drone_ws/build/controls/build install --prefix /home/ubuntu/cu-arc-21-22/CS/drone_ws/install/controls --record /home/ubuntu/cu-arc-21-22/CS/drone_ws/build/controls/install.log --single-version-externally-managed
[7.643s] Level 1:colcon.colcon_core.environment:checking '/home/ubuntu/cu-arc-21-22/CS/drone_ws/install/controls' for CMake module files
[7.650s] Level 1:colcon.colcon_core.environment:checking '/home/ubuntu/cu-arc-21-22/CS/drone_ws/install/controls' for CMake config files
[7.660s] Level 1:colcon.colcon_core.environment:checking '/home/ubuntu/cu-arc-21-22/CS/drone_ws/install/controls/lib'
[7.662s] Level 1:colcon.colcon_core.environment:checking '/home/ubuntu/cu-arc-21-22/CS/drone_ws/install/controls/bin'
[7.663s] Level 1:colcon.colcon_core.environment:checking '/home/ubuntu/cu-arc-21-22/CS/drone_ws/install/controls/lib/pkgconfig/controls.pc'
[7.664s] Level 1:colcon.colcon_core.environment:checking '/home/ubuntu/cu-arc-21-22/CS/drone_ws/install/controls/lib/python3.8/site-packages'
[7.664s] Level 1:colcon.colcon_core.shell:create_environment_hook('controls', 'pythonpath')
[7.670s] INFO:colcon.colcon_core.shell:Creating environment hook '/home/ubuntu/cu-arc-21-22/CS/drone_ws/install/controls/share/controls/hook/pythonpath.ps1'
[7.675s] INFO:colcon.colcon_core.shell:Creating environment descriptor '/home/ubuntu/cu-arc-21-22/CS/drone_ws/install/controls/share/controls/hook/pythonpath.dsv'
[7.686s] INFO:colcon.colcon_core.shell:Creating environment hook '/home/ubuntu/cu-arc-21-22/CS/drone_ws/install/controls/share/controls/hook/pythonpath.sh'
[7.691s] Level 1:colcon.colcon_core.environment:create_environment_scripts_only(controls)
[7.697s] INFO:colcon.colcon_core.shell:Creating package script '/home/ubuntu/cu-arc-21-22/CS/drone_ws/install/controls/share/controls/package.ps1'
[7.704s] INFO:colcon.colcon_core.shell:Creating package descriptor '/home/ubuntu/cu-arc-21-22/CS/drone_ws/install/controls/share/controls/package.dsv'
[7.707s] INFO:colcon.colcon_core.shell:Creating package script '/home/ubuntu/cu-arc-21-22/CS/drone_ws/install/controls/share/controls/package.sh'
[7.711s] INFO:colcon.colcon_core.shell:Creating package script '/home/ubuntu/cu-arc-21-22/CS/drone_ws/install/controls/share/controls/package.bash'
[7.719s] INFO:colcon.colcon_core.shell:Creating package script '/home/ubuntu/cu-arc-21-22/CS/drone_ws/install/controls/share/controls/package.zsh'
[7.723s] Level 1:colcon.colcon_core.environment:create_file_with_runtime_dependencies(/home/ubuntu/cu-arc-21-22/CS/drone_ws/install/controls/share/colcon-core/packages/controls)
[7.725s] DEBUG:colcon.colcon_parallel_executor.executor.parallel:closing loop
[7.726s] DEBUG:colcon.colcon_parallel_executor.executor.parallel:loop closed
[7.726s] DEBUG:colcon.colcon_parallel_executor.executor.parallel:run_until_complete finished with '0'
[7.728s] DEBUG:colcon.colcon_core.event_reactor:joining thread
[7.753s] INFO:colcon.colcon_core.plugin_system:Skipping extension 'colcon_notification.desktop_notification.terminal_notifier': Not used on non-Darwin systems
[7.754s] INFO:colcon.colcon_core.plugin_system:Skipping extension 'colcon_notification.desktop_notification.win32': Not used on non-Windows systems
[7.754s] INFO:colcon.colcon_notification.desktop_notification:Sending desktop notification using 'notify2'
[7.759s] DEBUG:colcon.colcon_notification.desktop_notification.notify2:Failed to initialize notify2: org.freedesktop.DBus.Error.ServiceUnknown: The name org.freedesktop.Notifications was not provided by any .service files
[7.759s] DEBUG:colcon.colcon_core.event_reactor:joined thread
[7.762s] INFO:colcon.colcon_core.shell:Creating prefix script '/home/ubuntu/cu-arc-21-22/CS/drone_ws/install/local_setup.ps1'
[7.770s] INFO:colcon.colcon_core.shell:Creating prefix util module '/home/ubuntu/cu-arc-21-22/CS/drone_ws/install/_local_setup_util_ps1.py'
[7.782s] INFO:colcon.colcon_core.shell:Creating prefix chain script '/home/ubuntu/cu-arc-21-22/CS/drone_ws/install/setup.ps1'
[7.806s] INFO:colcon.colcon_core.shell:Creating prefix script '/home/ubuntu/cu-arc-21-22/CS/drone_ws/install/local_setup.sh'
[7.811s] INFO:colcon.colcon_core.shell:Creating prefix util module '/home/ubuntu/cu-arc-21-22/CS/drone_ws/install/_local_setup_util_sh.py'
[7.817s] INFO:colcon.colcon_core.shell:Creating prefix chain script '/home/ubuntu/cu-arc-21-22/CS/drone_ws/install/setup.sh'
[7.839s] INFO:colcon.colcon_core.shell:Creating prefix script '/home/ubuntu/cu-arc-21-22/CS/drone_ws/install/local_setup.bash'
[7.845s] INFO:colcon.colcon_core.shell:Creating prefix chain script '/home/ubuntu/cu-arc-21-22/CS/drone_ws/install/setup.bash'
[7.866s] INFO:colcon.colcon_core.shell:Creating prefix script '/home/ubuntu/cu-arc-21-22/CS/drone_ws/install/local_setup.zsh'
[7.872s] INFO:colcon.colcon_core.shell:Creating prefix chain script '/home/ubuntu/cu-arc-21-22/CS/drone_ws/install/setup.zsh'
