[2.978s] Invoking command in '/home/ubuntu/cu-arc-21-22/CS/drone_ws/src/controls': PYTHONPATH=/home/ubuntu/cu-arc-21-22/CS/drone_ws/install/controls/lib/python3.8/site-packages:${PYTHONPATH} /usr/bin/python3 setup.py egg_info --egg-base ../../build/controls build --build-base /home/ubuntu/cu-arc-21-22/CS/drone_ws/build/controls/build install --prefix /home/ubuntu/cu-arc-21-22/CS/drone_ws/install/controls --record /home/ubuntu/cu-arc-21-22/CS/drone_ws/build/controls/install.log --single-version-externally-managed
[4.005s] running egg_info
[4.007s] writing ../../build/controls/controls.egg-info/PKG-INFO
[4.010s] writing dependency_links to ../../build/controls/controls.egg-info/dependency_links.txt
[4.010s] writing entry points to ../../build/controls/controls.egg-info/entry_points.txt
[4.011s] writing requirements to ../../build/controls/controls.egg-info/requires.txt
[4.012s] writing top-level names to ../../build/controls/controls.egg-info/top_level.txt
[4.158s] reading manifest file '../../build/controls/controls.egg-info/SOURCES.txt'
[4.163s] writing manifest file '../../build/controls/controls.egg-info/SOURCES.txt'
[4.164s] running build
[4.164s] running build_py
[4.165s] copying controls/ultrasonic.py -> /home/ubuntu/cu-arc-21-22/CS/drone_ws/build/controls/build/lib/controls
[4.168s] running install
[4.171s] running install_lib
[4.176s] copying /home/ubuntu/cu-arc-21-22/CS/drone_ws/build/controls/build/lib/controls/ultrasonic.py -> /home/ubuntu/cu-arc-21-22/CS/drone_ws/install/controls/lib/python3.8/site-packages/controls
[4.180s] byte-compiling /home/ubuntu/cu-arc-21-22/CS/drone_ws/install/controls/lib/python3.8/site-packages/controls/ultrasonic.py to ultrasonic.cpython-38.pyc
[4.187s] running install_data
[4.190s] running install_egg_info
[4.196s] removing '/home/ubuntu/cu-arc-21-22/CS/drone_ws/install/controls/lib/python3.8/site-packages/controls-0.0.0-py3.8.egg-info' (and everything under it)
[4.198s] Copying ../../build/controls/controls.egg-info to /home/ubuntu/cu-arc-21-22/CS/drone_ws/install/controls/lib/python3.8/site-packages/controls-0.0.0-py3.8.egg-info
[4.203s] running install_scripts
[4.271s] Installing distance_sensor script to /home/ubuntu/cu-arc-21-22/CS/drone_ws/install/controls/lib/controls
[4.272s] Installing flight_controller script to /home/ubuntu/cu-arc-21-22/CS/drone_ws/install/controls/lib/controls
[4.273s] Installing killswitch script to /home/ubuntu/cu-arc-21-22/CS/drone_ws/install/controls/lib/controls
[4.274s] Installing pid script to /home/ubuntu/cu-arc-21-22/CS/drone_ws/install/controls/lib/controls
[4.274s] Installing test_flight_controller script to /home/ubuntu/cu-arc-21-22/CS/drone_ws/install/controls/lib/controls
[4.275s] Installing ultrasonic_sensor script to /home/ubuntu/cu-arc-21-22/CS/drone_ws/install/controls/lib/controls
[4.277s] writing list of installed files to '/home/ubuntu/cu-arc-21-22/CS/drone_ws/build/controls/install.log'
[4.378s] Invoked command in '/home/ubuntu/cu-arc-21-22/CS/drone_ws/src/controls' returned '0': PYTHONPATH=/home/ubuntu/cu-arc-21-22/CS/drone_ws/install/controls/lib/python3.8/site-packages:${PYTHONPATH} /usr/bin/python3 setup.py egg_info --egg-base ../../build/controls build --build-base /home/ubuntu/cu-arc-21-22/CS/drone_ws/build/controls/build install --prefix /home/ubuntu/cu-arc-21-22/CS/drone_ws/install/controls --record /home/ubuntu/cu-arc-21-22/CS/drone_ws/build/controls/install.log --single-version-externally-managed
