[1.119s] Invoking command in '/home/ubuntu/cu-arc-21-22/CS/drone_ws/src/controls': PYTHONPATH=/home/ubuntu/cu-arc-21-22/CS/drone_ws/install/controls/lib/python3.8/site-packages:${PYTHONPATH} /usr/bin/python3 setup.py egg_info --egg-base ../../build/controls build --build-base /home/ubuntu/cu-arc-21-22/CS/drone_ws/build/controls/build install --prefix /home/ubuntu/cu-arc-21-22/CS/drone_ws/install/controls --record /home/ubuntu/cu-arc-21-22/CS/drone_ws/build/controls/install.log --single-version-externally-managed
[2.064s] running egg_info
[2.066s] writing ../../build/controls/controls.egg-info/PKG-INFO
[2.067s] writing dependency_links to ../../build/controls/controls.egg-info/dependency_links.txt
[2.068s] writing entry points to ../../build/controls/controls.egg-info/entry_points.txt
[2.069s] writing requirements to ../../build/controls/controls.egg-info/requires.txt
[2.069s] writing top-level names to ../../build/controls/controls.egg-info/top_level.txt
[2.211s] reading manifest file '../../build/controls/controls.egg-info/SOURCES.txt'
[2.215s] writing manifest file '../../build/controls/controls.egg-info/SOURCES.txt'
[2.216s] running build
[2.216s] running build_py
[2.217s] running install
[2.220s] running install_lib
[2.227s] running install_data
[2.229s] running install_egg_info
[2.235s] removing '/home/ubuntu/cu-arc-21-22/CS/drone_ws/install/controls/lib/python3.8/site-packages/controls-0.0.0-py3.8.egg-info' (and everything under it)
[2.237s] Copying ../../build/controls/controls.egg-info to /home/ubuntu/cu-arc-21-22/CS/drone_ws/install/controls/lib/python3.8/site-packages/controls-0.0.0-py3.8.egg-info
[2.242s] running install_scripts
[2.307s] Installing transmitter script to /home/ubuntu/cu-arc-21-22/CS/drone_ws/install/controls/lib/controls
[2.308s] writing list of installed files to '/home/ubuntu/cu-arc-21-22/CS/drone_ws/build/controls/install.log'
[2.401s] Invoked command in '/home/ubuntu/cu-arc-21-22/CS/drone_ws/src/controls' returned '0': PYTHONPATH=/home/ubuntu/cu-arc-21-22/CS/drone_ws/install/controls/lib/python3.8/site-packages:${PYTHONPATH} /usr/bin/python3 setup.py egg_info --egg-base ../../build/controls build --build-base /home/ubuntu/cu-arc-21-22/CS/drone_ws/build/controls/build install --prefix /home/ubuntu/cu-arc-21-22/CS/drone_ws/install/controls --record /home/ubuntu/cu-arc-21-22/CS/drone_ws/build/controls/install.log --single-version-externally-managed
