[1.382s] DEBUG:colcon:Command line arguments: ['/usr/bin/colcon', 'build']
[1.382s] DEBUG:colcon:Parsed command line arguments: Namespace(ament_cmake_args=None, base_paths=['.'], build_base='build', catkin_cmake_args=None, catkin_skip_building_tests=False, cmake_args=None, cmake_clean_cache=False, cmake_clean_first=False, cmake_force_configure=False, cmake_target=None, cmake_target_skip_unavailable=False, continue_on_error=False, event_handlers=None, executor='parallel', ignore_user_meta=False, install_base='install', log_base=None, log_level=None, main=<bound method BuildVerb.main of <colcon_core.verb.build.BuildVerb object at 0xffff83992970>>, merge_install=False, metas=['./colcon.meta'], packages_above=None, packages_above_and_dependencies=None, packages_above_depth=None, packages_end=None, packages_ignore=None, packages_ignore_regex=None, packages_select=None, packages_select_build_failed=False, packages_select_by_dep=None, packages_select_regex=None, packages_select_test_failures=False, packages_skip=None, packages_skip_build_finished=False, packages_skip_by_dep=None, packages_skip_regex=None, packages_skip_test_passed=False, packages_skip_up_to=None, packages_start=None, packages_up_to=None, packages_up_to_regex=None, parallel_workers=4, paths=None, symlink_install=False, test_result_base=None, verb_extension=<colcon_core.verb.build.BuildVerb object at 0xffff83992970>, verb_name='build', verb_parser=<colcon_defaults.argument_parser.defaults.DefaultArgumentsDecorator object at 0xffff83992ee0>)
[1.410s] Level 1:colcon.colcon_core.package_discovery:discover_packages(colcon_meta) check parameters
[1.411s] Level 1:colcon.colcon_core.package_discovery:discover_packages(recursive) check parameters
[1.411s] Level 1:colcon.colcon_core.package_discovery:discover_packages(ignore) check parameters
[1.411s] Level 1:colcon.colcon_core.package_discovery:discover_packages(path) check parameters
[1.411s] Level 1:colcon.colcon_core.package_discovery:discover_packages(colcon_meta) discover
[1.412s] Level 1:colcon.colcon_core.package_discovery:discover_packages(recursive) discover
[1.412s] INFO:colcon.colcon_core.package_discovery:Crawling recursively for packages in '/home/ubuntu/cu-arc-21-22/CS/drone_ws'
[1.413s] Level 1:colcon.colcon_core.package_identification:_identify(.) by extensions ['ignore', 'ignore_ament_install']
[1.413s] Level 1:colcon.colcon_core.package_identification:_identify(.) by extension 'ignore'
[1.414s] Level 1:colcon.colcon_core.package_identification:_identify(.) by extension 'ignore_ament_install'
[1.414s] Level 1:colcon.colcon_core.package_identification:_identify(.) by extensions ['colcon_pkg']
[1.414s] Level 1:colcon.colcon_core.package_identification:_identify(.) by extension 'colcon_pkg'
[1.415s] Level 1:colcon.colcon_core.package_identification:_identify(.) by extensions ['colcon_meta']
[1.415s] Level 1:colcon.colcon_core.package_identification:_identify(.) by extension 'colcon_meta'
[1.415s] Level 1:colcon.colcon_core.package_identification:_identify(.) by extensions ['ros']
[1.415s] Level 1:colcon.colcon_core.package_identification:_identify(.) by extension 'ros'
[1.465s] Level 1:colcon.colcon_core.package_identification:_identify(.) by extensions ['cmake', 'python']
[1.465s] Level 1:colcon.colcon_core.package_identification:_identify(.) by extension 'cmake'
[1.466s] Level 1:colcon.colcon_core.package_identification:_identify(.) by extension 'python'
[1.466s] Level 1:colcon.colcon_core.package_identification:_identify(.) by extensions ['python_setup_py']
[1.466s] Level 1:colcon.colcon_core.package_identification:_identify(.) by extension 'python_setup_py'
[1.467s] Level 1:colcon.colcon_core.package_identification:_identify(build) by extensions ['ignore', 'ignore_ament_install']
[1.468s] Level 1:colcon.colcon_core.package_identification:_identify(build) by extension 'ignore'
[1.468s] Level 1:colcon.colcon_core.package_identification:_identify(build) ignored
[1.469s] Level 1:colcon.colcon_core.package_identification:_identify(install) by extensions ['ignore', 'ignore_ament_install']
[1.469s] Level 1:colcon.colcon_core.package_identification:_identify(install) by extension 'ignore'
[1.470s] Level 1:colcon.colcon_core.package_identification:_identify(install) ignored
[1.471s] Level 1:colcon.colcon_core.package_identification:_identify(log) by extensions ['ignore', 'ignore_ament_install']
[1.472s] Level 1:colcon.colcon_core.package_identification:_identify(log) by extension 'ignore'
[1.472s] Level 1:colcon.colcon_core.package_identification:_identify(log) ignored
[1.473s] Level 1:colcon.colcon_core.package_identification:_identify(src) by extensions ['ignore', 'ignore_ament_install']
[1.473s] Level 1:colcon.colcon_core.package_identification:_identify(src) by extension 'ignore'
[1.474s] Level 1:colcon.colcon_core.package_identification:_identify(src) by extension 'ignore_ament_install'
[1.474s] Level 1:colcon.colcon_core.package_identification:_identify(src) by extensions ['colcon_pkg']
[1.474s] Level 1:colcon.colcon_core.package_identification:_identify(src) by extension 'colcon_pkg'
[1.474s] Level 1:colcon.colcon_core.package_identification:_identify(src) by extensions ['colcon_meta']
[1.474s] Level 1:colcon.colcon_core.package_identification:_identify(src) by extension 'colcon_meta'
[1.475s] Level 1:colcon.colcon_core.package_identification:_identify(src) by extensions ['ros']
[1.475s] Level 1:colcon.colcon_core.package_identification:_identify(src) by extension 'ros'
[1.475s] Level 1:colcon.colcon_core.package_identification:_identify(src) by extensions ['cmake', 'python']
[1.476s] Level 1:colcon.colcon_core.package_identification:_identify(src) by extension 'cmake'
[1.476s] Level 1:colcon.colcon_core.package_identification:_identify(src) by extension 'python'
[1.477s] Level 1:colcon.colcon_core.package_identification:_identify(src) by extensions ['python_setup_py']
[1.477s] Level 1:colcon.colcon_core.package_identification:_identify(src) by extension 'python_setup_py'
[1.478s] Level 1:colcon.colcon_core.package_identification:_identify(src/controls) by extensions ['ignore', 'ignore_ament_install']
[1.478s] Level 1:colcon.colcon_core.package_identification:_identify(src/controls) by extension 'ignore'
[1.479s] Level 1:colcon.colcon_core.package_identification:_identify(src/controls) by extension 'ignore_ament_install'
[1.479s] Level 1:colcon.colcon_core.package_identification:_identify(src/controls) by extensions ['colcon_pkg']
[1.480s] Level 1:colcon.colcon_core.package_identification:_identify(src/controls) by extension 'colcon_pkg'
[1.480s] Level 1:colcon.colcon_core.package_identification:_identify(src/controls) by extensions ['colcon_meta']
[1.480s] Level 1:colcon.colcon_core.package_identification:_identify(src/controls) by extension 'colcon_meta'
[1.481s] Level 1:colcon.colcon_core.package_identification:_identify(src/controls) by extensions ['ros']
[1.481s] Level 1:colcon.colcon_core.package_identification:_identify(src/controls) by extension 'ros'
[1.493s] DEBUG:colcon.colcon_core.package_identification:Package 'src/controls' with type 'ros.ament_python' and name 'controls'
[1.493s] Level 1:colcon.colcon_core.package_discovery:discover_packages(recursive) using defaults
[1.494s] Level 1:colcon.colcon_core.package_discovery:discover_packages(ignore) discover
[1.494s] Level 1:colcon.colcon_core.package_discovery:discover_packages(ignore) using defaults
[1.495s] Level 1:colcon.colcon_core.package_discovery:discover_packages(path) discover
[1.495s] Level 1:colcon.colcon_core.package_discovery:discover_packages(path) using defaults
[1.574s] Level 5:colcon.colcon_core.verb:set package 'controls' build argument 'cmake_args' from command line to 'None'
[1.574s] Level 5:colcon.colcon_core.verb:set package 'controls' build argument 'cmake_target' from command line to 'None'
[1.574s] Level 5:colcon.colcon_core.verb:set package 'controls' build argument 'cmake_target_skip_unavailable' from command line to 'False'
[1.574s] Level 5:colcon.colcon_core.verb:set package 'controls' build argument 'cmake_clean_cache' from command line to 'False'
[1.575s] Level 5:colcon.colcon_core.verb:set package 'controls' build argument 'cmake_clean_first' from command line to 'False'
[1.575s] Level 5:colcon.colcon_core.verb:set package 'controls' build argument 'cmake_force_configure' from command line to 'False'
[1.575s] Level 5:colcon.colcon_core.verb:set package 'controls' build argument 'ament_cmake_args' from command line to 'None'
[1.575s] Level 5:colcon.colcon_core.verb:set package 'controls' build argument 'catkin_cmake_args' from command line to 'None'
[1.575s] Level 5:colcon.colcon_core.verb:set package 'controls' build argument 'catkin_skip_building_tests' from command line to 'False'
[1.575s] DEBUG:colcon.colcon_core.verb:Building package 'controls' with the following arguments: {'ament_cmake_args': None, 'build_base': '/home/ubuntu/cu-arc-21-22/CS/drone_ws/build/controls', 'catkin_cmake_args': None, 'catkin_skip_building_tests': False, 'cmake_args': None, 'cmake_clean_cache': False, 'cmake_clean_first': False, 'cmake_force_configure': False, 'cmake_target': None, 'cmake_target_skip_unavailable': False, 'install_base': '/home/ubuntu/cu-arc-21-22/CS/drone_ws/install/controls', 'merge_install': False, 'path': '/home/ubuntu/cu-arc-21-22/CS/drone_ws/src/controls', 'symlink_install': False, 'test_result_base': None}
[1.577s] INFO:colcon.colcon_core.executor:Executing jobs using 'parallel' executor
[1.585s] DEBUG:colcon.colcon_parallel_executor.executor.parallel:run_until_complete
[1.587s] INFO:colcon.colcon_ros.task.ament_python.build:Building ROS package in '/home/ubuntu/cu-arc-21-22/CS/drone_ws/src/controls' with build type 'ament_python'
[1.588s] Level 1:colcon.colcon_core.shell:create_environment_hook('controls', 'ament_prefix_path')
[1.606s] INFO:colcon.colcon_core.plugin_system:Skipping extension 'colcon_core.shell.bat': Not used on non-Windows systems
[1.607s] INFO:colcon.colcon_core.shell:Creating environment hook '/home/ubuntu/cu-arc-21-22/CS/drone_ws/install/controls/share/controls/hook/ament_prefix_path.ps1'
[1.610s] INFO:colcon.colcon_core.shell:Creating environment descriptor '/home/ubuntu/cu-arc-21-22/CS/drone_ws/install/controls/share/controls/hook/ament_prefix_path.dsv'
[1.613s] INFO:colcon.colcon_core.shell:Creating environment hook '/home/ubuntu/cu-arc-21-22/CS/drone_ws/install/controls/share/controls/hook/ament_prefix_path.sh'
[1.619s] INFO:colcon.colcon_core.shell:Skip shell extension 'powershell' for command environment: Not usable outside of PowerShell
[1.619s] DEBUG:colcon.colcon_core.shell:Skip shell extension 'dsv' for command environment
[2.718s] INFO:colcon.colcon_core.task.python.build:Building Python package in '/home/ubuntu/cu-arc-21-22/CS/drone_ws/src/controls'
[2.721s] INFO:colcon.colcon_core.shell:Skip shell extension 'powershell' for command environment: Not usable outside of PowerShell
[2.721s] DEBUG:colcon.colcon_core.shell:Skip shell extension 'dsv' for command environment
[2.772s] DEBUG:colcon.colcon_core.event_handler.log_command:Invoking command in '/home/ubuntu/cu-arc-21-22/CS/drone_ws/src/controls': PYTHONPATH=/home/ubuntu/cu-arc-21-22/CS/drone_ws/install/controls/lib/python3.8/site-packages:${PYTHONPATH} /usr/bin/python3 setup.py egg_info --egg-base ../../build/controls build --build-base /home/ubuntu/cu-arc-21-22/CS/drone_ws/build/controls/build install --prefix /home/ubuntu/cu-arc-21-22/CS/drone_ws/install/controls --record /home/ubuntu/cu-arc-21-22/CS/drone_ws/build/controls/install.log --single-version-externally-managed
[4.147s] DEBUG:colcon.colcon_core.event_handler.log_command:Invoked command in '/home/ubuntu/cu-arc-21-22/CS/drone_ws/src/controls' returned '0': PYTHONPATH=/home/ubuntu/cu-arc-21-22/CS/drone_ws/install/controls/lib/python3.8/site-packages:${PYTHONPATH} /usr/bin/python3 setup.py egg_info --egg-base ../../build/controls build --build-base /home/ubuntu/cu-arc-21-22/CS/drone_ws/build/controls/build install --prefix /home/ubuntu/cu-arc-21-22/CS/drone_ws/install/controls --record /home/ubuntu/cu-arc-21-22/CS/drone_ws/build/controls/install.log --single-version-externally-managed
[4.165s] Level 1:colcon.colcon_core.environment:checking '/home/ubuntu/cu-arc-21-22/CS/drone_ws/install/controls' for CMake module files
[4.168s] Level 1:colcon.colcon_core.environment:checking '/home/ubuntu/cu-arc-21-22/CS/drone_ws/install/controls' for CMake config files
[4.173s] Level 1:colcon.colcon_core.environment:checking '/home/ubuntu/cu-arc-21-22/CS/drone_ws/install/controls/lib'
[4.173s] Level 1:colcon.colcon_core.environment:checking '/home/ubuntu/cu-arc-21-22/CS/drone_ws/install/controls/bin'
[4.174s] Level 1:colcon.colcon_core.environment:checking '/home/ubuntu/cu-arc-21-22/CS/drone_ws/install/controls/lib/pkgconfig/controls.pc'
[4.174s] Level 1:colcon.colcon_core.environment:checking '/home/ubuntu/cu-arc-21-22/CS/drone_ws/install/controls/lib/python3.8/site-packages'
[4.175s] Level 1:colcon.colcon_core.shell:create_environment_hook('controls', 'pythonpath')
[4.178s] INFO:colcon.colcon_core.shell:Creating environment hook '/home/ubuntu/cu-arc-21-22/CS/drone_ws/install/controls/share/controls/hook/pythonpath.ps1'
[4.180s] INFO:colcon.colcon_core.shell:Creating environment descriptor '/home/ubuntu/cu-arc-21-22/CS/drone_ws/install/controls/share/controls/hook/pythonpath.dsv'
[4.182s] INFO:colcon.colcon_core.shell:Creating environment hook '/home/ubuntu/cu-arc-21-22/CS/drone_ws/install/controls/share/controls/hook/pythonpath.sh'
[4.185s] Level 1:colcon.colcon_core.environment:create_environment_scripts_only(controls)
[4.188s] INFO:colcon.colcon_core.shell:Creating package script '/home/ubuntu/cu-arc-21-22/CS/drone_ws/install/controls/share/controls/package.ps1'
[4.192s] INFO:colcon.colcon_core.shell:Creating package descriptor '/home/ubuntu/cu-arc-21-22/CS/drone_ws/install/controls/share/controls/package.dsv'
[4.196s] INFO:colcon.colcon_core.shell:Creating package script '/home/ubuntu/cu-arc-21-22/CS/drone_ws/install/controls/share/controls/package.sh'
[4.200s] INFO:colcon.colcon_core.shell:Creating package script '/home/ubuntu/cu-arc-21-22/CS/drone_ws/install/controls/share/controls/package.bash'
[4.205s] INFO:colcon.colcon_core.shell:Creating package script '/home/ubuntu/cu-arc-21-22/CS/drone_ws/install/controls/share/controls/package.zsh'
[4.213s] Level 1:colcon.colcon_core.environment:create_file_with_runtime_dependencies(/home/ubuntu/cu-arc-21-22/CS/drone_ws/install/controls/share/colcon-core/packages/controls)
[4.215s] DEBUG:colcon.colcon_parallel_executor.executor.parallel:closing loop
[4.216s] DEBUG:colcon.colcon_parallel_executor.executor.parallel:loop closed
[4.217s] DEBUG:colcon.colcon_parallel_executor.executor.parallel:run_until_complete finished with '0'
[4.217s] DEBUG:colcon.colcon_core.event_reactor:joining thread
[4.246s] INFO:colcon.colcon_core.plugin_system:Skipping extension 'colcon_notification.desktop_notification.terminal_notifier': Not used on non-Darwin systems
[4.246s] INFO:colcon.colcon_core.plugin_system:Skipping extension 'colcon_notification.desktop_notification.win32': Not used on non-Windows systems
[4.246s] INFO:colcon.colcon_notification.desktop_notification:Sending desktop notification using 'notify2'
[4.251s] DEBUG:colcon.colcon_notification.desktop_notification.notify2:Failed to initialize notify2: org.freedesktop.DBus.Error.ServiceUnknown: The name org.freedesktop.Notifications was not provided by any .service files
[4.252s] DEBUG:colcon.colcon_core.event_reactor:joined thread
[4.255s] INFO:colcon.colcon_core.shell:Creating prefix script '/home/ubuntu/cu-arc-21-22/CS/drone_ws/install/local_setup.ps1'
[4.259s] INFO:colcon.colcon_core.shell:Creating prefix util module '/home/ubuntu/cu-arc-21-22/CS/drone_ws/install/_local_setup_util_ps1.py'
[4.266s] INFO:colcon.colcon_core.shell:Creating prefix chain script '/home/ubuntu/cu-arc-21-22/CS/drone_ws/install/setup.ps1'
[4.278s] INFO:colcon.colcon_core.shell:Creating prefix script '/home/ubuntu/cu-arc-21-22/CS/drone_ws/install/local_setup.sh'
[4.282s] INFO:colcon.colcon_core.shell:Creating prefix util module '/home/ubuntu/cu-arc-21-22/CS/drone_ws/install/_local_setup_util_sh.py'
[4.286s] INFO:colcon.colcon_core.shell:Creating prefix chain script '/home/ubuntu/cu-arc-21-22/CS/drone_ws/install/setup.sh'
[4.298s] INFO:colcon.colcon_core.shell:Creating prefix script '/home/ubuntu/cu-arc-21-22/CS/drone_ws/install/local_setup.bash'
[4.301s] INFO:colcon.colcon_core.shell:Creating prefix chain script '/home/ubuntu/cu-arc-21-22/CS/drone_ws/install/setup.bash'
[4.311s] INFO:colcon.colcon_core.shell:Creating prefix script '/home/ubuntu/cu-arc-21-22/CS/drone_ws/install/local_setup.zsh'
[4.314s] INFO:colcon.colcon_core.shell:Creating prefix chain script '/home/ubuntu/cu-arc-21-22/CS/drone_ws/install/setup.zsh'
