[1.236s] Invoking command in '/home/ubuntu/cu-arc-21-22/CS/drone_ws/src/controls': PYTHONPATH=/home/ubuntu/cu-arc-21-22/CS/drone_ws/install/controls/lib/python3.8/site-packages:${PYTHONPATH} /usr/bin/python3 setup.py egg_info --egg-base ../../build/controls build --build-base /home/ubuntu/cu-arc-21-22/CS/drone_ws/build/controls/build install --prefix /home/ubuntu/cu-arc-21-22/CS/drone_ws/install/controls --record /home/ubuntu/cu-arc-21-22/CS/drone_ws/build/controls/install.log --single-version-externally-managed
[2.284s] running egg_info
[2.290s] writing ../../build/controls/controls.egg-info/PKG-INFO
[2.291s] writing dependency_links to ../../build/controls/controls.egg-info/dependency_links.txt
[2.295s] writing entry points to ../../build/controls/controls.egg-info/entry_points.txt
[2.298s] writing requirements to ../../build/controls/controls.egg-info/requires.txt
[2.300s] writing top-level names to ../../build/controls/controls.egg-info/top_level.txt
[2.453s] reading manifest file '../../build/controls/controls.egg-info/SOURCES.txt'
[2.460s] writing manifest file '../../build/controls/controls.egg-info/SOURCES.txt'
[2.463s] running build
[2.465s] running build_py
[2.467s] running install
[2.470s] running install_lib
[2.478s] running install_data
[2.480s] running install_egg_info
[2.491s] removing '/home/ubuntu/cu-arc-21-22/CS/drone_ws/install/controls/lib/python3.8/site-packages/controls-0.0.0-py3.8.egg-info' (and everything under it)
[2.507s] Copying ../../build/controls/controls.egg-info to /home/ubuntu/cu-arc-21-22/CS/drone_ws/install/controls/lib/python3.8/site-packages/controls-0.0.0-py3.8.egg-info
[2.508s] running install_scripts
[2.584s] Installing publishHeight script to /home/ubuntu/cu-arc-21-22/CS/drone_ws/install/controls/lib/controls
[2.586s] Installing transmitter script to /home/ubuntu/cu-arc-21-22/CS/drone_ws/install/controls/lib/controls
[2.589s] writing list of installed files to '/home/ubuntu/cu-arc-21-22/CS/drone_ws/build/controls/install.log'
[2.702s] Invoked command in '/home/ubuntu/cu-arc-21-22/CS/drone_ws/src/controls' returned '0': PYTHONPATH=/home/ubuntu/cu-arc-21-22/CS/drone_ws/install/controls/lib/python3.8/site-packages:${PYTHONPATH} /usr/bin/python3 setup.py egg_info --egg-base ../../build/controls build --build-base /home/ubuntu/cu-arc-21-22/CS/drone_ws/build/controls/build install --prefix /home/ubuntu/cu-arc-21-22/CS/drone_ws/install/controls --record /home/ubuntu/cu-arc-21-22/CS/drone_ws/build/controls/install.log --single-version-externally-managed
