[1.354s] DEBUG:colcon:Command line arguments: ['/usr/bin/colcon', 'build']
[1.355s] DEBUG:colcon:Parsed command line arguments: Namespace(ament_cmake_args=None, base_paths=['.'], build_base='build', catkin_cmake_args=None, catkin_skip_building_tests=False, cmake_args=None, cmake_clean_cache=False, cmake_clean_first=False, cmake_force_configure=False, cmake_target=None, cmake_target_skip_unavailable=False, continue_on_error=False, event_handlers=None, executor='parallel', ignore_user_meta=False, install_base='install', log_base=None, log_level=None, main=<bound method BuildVerb.main of <colcon_core.verb.build.BuildVerb object at 0xffff9d8c8e50>>, merge_install=False, metas=['./colcon.meta'], packages_above=None, packages_above_and_dependencies=None, packages_above_depth=None, packages_end=None, packages_ignore=None, packages_ignore_regex=None, packages_select=None, packages_select_build_failed=False, packages_select_by_dep=None, packages_select_regex=None, packages_select_test_failures=False, packages_skip=None, packages_skip_build_finished=False, packages_skip_by_dep=None, packages_skip_regex=None, packages_skip_test_passed=False, packages_skip_up_to=None, packages_start=None, packages_up_to=None, packages_up_to_regex=None, parallel_workers=4, paths=None, symlink_install=False, test_result_base=None, verb_extension=<colcon_core.verb.build.BuildVerb object at 0xffff9d8c8e50>, verb_name='build', verb_parser=<colcon_defaults.argument_parser.defaults.DefaultArgumentsDecorator object at 0xffff9d8d5370>)
[1.377s] Level 1:colcon.colcon_core.package_discovery:discover_packages(colcon_meta) check parameters
[1.377s] Level 1:colcon.colcon_core.package_discovery:discover_packages(recursive) check parameters
[1.378s] Level 1:colcon.colcon_core.package_discovery:discover_packages(ignore) check parameters
[1.378s] Level 1:colcon.colcon_core.package_discovery:discover_packages(path) check parameters
[1.378s] Level 1:colcon.colcon_core.package_discovery:discover_packages(colcon_meta) discover
[1.378s] Level 1:colcon.colcon_core.package_discovery:discover_packages(recursive) discover
[1.378s] INFO:colcon.colcon_core.package_discovery:Crawling recursively for packages in '/home/ubuntu/cu-arc-21-22/CS/drone_ws'
[1.379s] Level 1:colcon.colcon_core.package_identification:_identify(.) by extensions ['ignore', 'ignore_ament_install']
[1.379s] Level 1:colcon.colcon_core.package_identification:_identify(.) by extension 'ignore'
[1.379s] Level 1:colcon.colcon_core.package_identification:_identify(.) by extension 'ignore_ament_install'
[1.380s] Level 1:colcon.colcon_core.package_identification:_identify(.) by extensions ['colcon_pkg']
[1.380s] Level 1:colcon.colcon_core.package_identification:_identify(.) by extension 'colcon_pkg'
[1.380s] Level 1:colcon.colcon_core.package_identification:_identify(.) by extensions ['colcon_meta']
[1.380s] Level 1:colcon.colcon_core.package_identification:_identify(.) by extension 'colcon_meta'
[1.380s] Level 1:colcon.colcon_core.package_identification:_identify(.) by extensions ['ros']
[1.380s] Level 1:colcon.colcon_core.package_identification:_identify(.) by extension 'ros'
[1.429s] Level 1:colcon.colcon_core.package_identification:_identify(.) by extensions ['cmake', 'python']
[1.429s] Level 1:colcon.colcon_core.package_identification:_identify(.) by extension 'cmake'
[1.429s] Level 1:colcon.colcon_core.package_identification:_identify(.) by extension 'python'
[1.429s] Level 1:colcon.colcon_core.package_identification:_identify(.) by extensions ['python_setup_py']
[1.430s] Level 1:colcon.colcon_core.package_identification:_identify(.) by extension 'python_setup_py'
[1.430s] Level 1:colcon.colcon_core.package_identification:_identify(build) by extensions ['ignore', 'ignore_ament_install']
[1.431s] Level 1:colcon.colcon_core.package_identification:_identify(build) by extension 'ignore'
[1.431s] Level 1:colcon.colcon_core.package_identification:_identify(build) ignored
[1.431s] Level 1:colcon.colcon_core.package_identification:_identify(install) by extensions ['ignore', 'ignore_ament_install']
[1.432s] Level 1:colcon.colcon_core.package_identification:_identify(install) by extension 'ignore'
[1.432s] Level 1:colcon.colcon_core.package_identification:_identify(install) ignored
[1.432s] Level 1:colcon.colcon_core.package_identification:_identify(log) by extensions ['ignore', 'ignore_ament_install']
[1.433s] Level 1:colcon.colcon_core.package_identification:_identify(log) by extension 'ignore'
[1.433s] Level 1:colcon.colcon_core.package_identification:_identify(log) ignored
[1.433s] Level 1:colcon.colcon_core.package_identification:_identify(src) by extensions ['ignore', 'ignore_ament_install']
[1.434s] Level 1:colcon.colcon_core.package_identification:_identify(src) by extension 'ignore'
[1.434s] Level 1:colcon.colcon_core.package_identification:_identify(src) by extension 'ignore_ament_install'
[1.434s] Level 1:colcon.colcon_core.package_identification:_identify(src) by extensions ['colcon_pkg']
[1.434s] Level 1:colcon.colcon_core.package_identification:_identify(src) by extension 'colcon_pkg'
[1.434s] Level 1:colcon.colcon_core.package_identification:_identify(src) by extensions ['colcon_meta']
[1.435s] Level 1:colcon.colcon_core.package_identification:_identify(src) by extension 'colcon_meta'
[1.435s] Level 1:colcon.colcon_core.package_identification:_identify(src) by extensions ['ros']
[1.435s] Level 1:colcon.colcon_core.package_identification:_identify(src) by extension 'ros'
[1.435s] Level 1:colcon.colcon_core.package_identification:_identify(src) by extensions ['cmake', 'python']
[1.435s] Level 1:colcon.colcon_core.package_identification:_identify(src) by extension 'cmake'
[1.436s] Level 1:colcon.colcon_core.package_identification:_identify(src) by extension 'python'
[1.436s] Level 1:colcon.colcon_core.package_identification:_identify(src) by extensions ['python_setup_py']
[1.436s] Level 1:colcon.colcon_core.package_identification:_identify(src) by extension 'python_setup_py'
[1.436s] Level 1:colcon.colcon_core.package_identification:_identify(src/controls) by extensions ['ignore', 'ignore_ament_install']
[1.437s] Level 1:colcon.colcon_core.package_identification:_identify(src/controls) by extension 'ignore'
[1.437s] Level 1:colcon.colcon_core.package_identification:_identify(src/controls) by extension 'ignore_ament_install'
[1.437s] Level 1:colcon.colcon_core.package_identification:_identify(src/controls) by extensions ['colcon_pkg']
[1.437s] Level 1:colcon.colcon_core.package_identification:_identify(src/controls) by extension 'colcon_pkg'
[1.437s] Level 1:colcon.colcon_core.package_identification:_identify(src/controls) by extensions ['colcon_meta']
[1.437s] Level 1:colcon.colcon_core.package_identification:_identify(src/controls) by extension 'colcon_meta'
[1.438s] Level 1:colcon.colcon_core.package_identification:_identify(src/controls) by extensions ['ros']
[1.438s] Level 1:colcon.colcon_core.package_identification:_identify(src/controls) by extension 'ros'
[1.446s] DEBUG:colcon.colcon_core.package_identification:Package 'src/controls' with type 'ros.ament_python' and name 'controls'
[1.447s] Level 1:colcon.colcon_core.package_discovery:discover_packages(recursive) using defaults
[1.447s] Level 1:colcon.colcon_core.package_discovery:discover_packages(ignore) discover
[1.447s] Level 1:colcon.colcon_core.package_discovery:discover_packages(ignore) using defaults
[1.447s] Level 1:colcon.colcon_core.package_discovery:discover_packages(path) discover
[1.447s] Level 1:colcon.colcon_core.package_discovery:discover_packages(path) using defaults
[1.523s] Level 5:colcon.colcon_core.verb:set package 'controls' build argument 'cmake_args' from command line to 'None'
[1.523s] Level 5:colcon.colcon_core.verb:set package 'controls' build argument 'cmake_target' from command line to 'None'
[1.523s] Level 5:colcon.colcon_core.verb:set package 'controls' build argument 'cmake_target_skip_unavailable' from command line to 'False'
[1.523s] Level 5:colcon.colcon_core.verb:set package 'controls' build argument 'cmake_clean_cache' from command line to 'False'
[1.523s] Level 5:colcon.colcon_core.verb:set package 'controls' build argument 'cmake_clean_first' from command line to 'False'
[1.523s] Level 5:colcon.colcon_core.verb:set package 'controls' build argument 'cmake_force_configure' from command line to 'False'
[1.524s] Level 5:colcon.colcon_core.verb:set package 'controls' build argument 'ament_cmake_args' from command line to 'None'
[1.524s] Level 5:colcon.colcon_core.verb:set package 'controls' build argument 'catkin_cmake_args' from command line to 'None'
[1.524s] Level 5:colcon.colcon_core.verb:set package 'controls' build argument 'catkin_skip_building_tests' from command line to 'False'
[1.524s] DEBUG:colcon.colcon_core.verb:Building package 'controls' with the following arguments: {'ament_cmake_args': None, 'build_base': '/home/ubuntu/cu-arc-21-22/CS/drone_ws/build/controls', 'catkin_cmake_args': None, 'catkin_skip_building_tests': False, 'cmake_args': None, 'cmake_clean_cache': False, 'cmake_clean_first': False, 'cmake_force_configure': False, 'cmake_target': None, 'cmake_target_skip_unavailable': False, 'install_base': '/home/ubuntu/cu-arc-21-22/CS/drone_ws/install/controls', 'merge_install': False, 'path': '/home/ubuntu/cu-arc-21-22/CS/drone_ws/src/controls', 'symlink_install': False, 'test_result_base': None}
[1.525s] INFO:colcon.colcon_core.executor:Executing jobs using 'parallel' executor
[1.533s] DEBUG:colcon.colcon_parallel_executor.executor.parallel:run_until_complete
[1.534s] INFO:colcon.colcon_ros.task.ament_python.build:Building ROS package in '/home/ubuntu/cu-arc-21-22/CS/drone_ws/src/controls' with build type 'ament_python'
[1.534s] Level 1:colcon.colcon_core.shell:create_environment_hook('controls', 'ament_prefix_path')
[1.549s] INFO:colcon.colcon_core.plugin_system:Skipping extension 'colcon_core.shell.bat': Not used on non-Windows systems
[1.550s] INFO:colcon.colcon_core.shell:Creating environment hook '/home/ubuntu/cu-arc-21-22/CS/drone_ws/install/controls/share/controls/hook/ament_prefix_path.ps1'
[1.553s] INFO:colcon.colcon_core.shell:Creating environment descriptor '/home/ubuntu/cu-arc-21-22/CS/drone_ws/install/controls/share/controls/hook/ament_prefix_path.dsv'
[1.556s] INFO:colcon.colcon_core.shell:Creating environment hook '/home/ubuntu/cu-arc-21-22/CS/drone_ws/install/controls/share/controls/hook/ament_prefix_path.sh'
[1.560s] INFO:colcon.colcon_core.shell:Skip shell extension 'powershell' for command environment: Not usable outside of PowerShell
[1.561s] DEBUG:colcon.colcon_core.shell:Skip shell extension 'dsv' for command environment
[2.596s] INFO:colcon.colcon_core.task.python.build:Building Python package in '/home/ubuntu/cu-arc-21-22/CS/drone_ws/src/controls'
[2.599s] INFO:colcon.colcon_core.shell:Skip shell extension 'powershell' for command environment: Not usable outside of PowerShell
[2.600s] DEBUG:colcon.colcon_core.shell:Skip shell extension 'dsv' for command environment
[2.651s] DEBUG:colcon.colcon_core.event_handler.log_command:Invoking command in '/home/ubuntu/cu-arc-21-22/CS/drone_ws/src/controls': PYTHONPATH=/home/ubuntu/cu-arc-21-22/CS/drone_ws/install/controls/lib/python3.8/site-packages:${PYTHONPATH} /usr/bin/python3 setup.py egg_info --egg-base ../../build/controls build --build-base /home/ubuntu/cu-arc-21-22/CS/drone_ws/build/controls/build install --prefix /home/ubuntu/cu-arc-21-22/CS/drone_ws/install/controls --record /home/ubuntu/cu-arc-21-22/CS/drone_ws/build/controls/install.log --single-version-externally-managed
[3.952s] DEBUG:colcon.colcon_core.event_handler.log_command:Invoked command in '/home/ubuntu/cu-arc-21-22/CS/drone_ws/src/controls' returned '0': PYTHONPATH=/home/ubuntu/cu-arc-21-22/CS/drone_ws/install/controls/lib/python3.8/site-packages:${PYTHONPATH} /usr/bin/python3 setup.py egg_info --egg-base ../../build/controls build --build-base /home/ubuntu/cu-arc-21-22/CS/drone_ws/build/controls/build install --prefix /home/ubuntu/cu-arc-21-22/CS/drone_ws/install/controls --record /home/ubuntu/cu-arc-21-22/CS/drone_ws/build/controls/install.log --single-version-externally-managed
[3.964s] Level 1:colcon.colcon_core.environment:checking '/home/ubuntu/cu-arc-21-22/CS/drone_ws/install/controls' for CMake module files
[3.967s] Level 1:colcon.colcon_core.environment:checking '/home/ubuntu/cu-arc-21-22/CS/drone_ws/install/controls' for CMake config files
[3.971s] Level 1:colcon.colcon_core.environment:checking '/home/ubuntu/cu-arc-21-22/CS/drone_ws/install/controls/lib'
[3.972s] Level 1:colcon.colcon_core.environment:checking '/home/ubuntu/cu-arc-21-22/CS/drone_ws/install/controls/bin'
[3.972s] Level 1:colcon.colcon_core.environment:checking '/home/ubuntu/cu-arc-21-22/CS/drone_ws/install/controls/lib/pkgconfig/controls.pc'
[3.972s] Level 1:colcon.colcon_core.environment:checking '/home/ubuntu/cu-arc-21-22/CS/drone_ws/install/controls/lib/python3.8/site-packages'
[3.973s] Level 1:colcon.colcon_core.shell:create_environment_hook('controls', 'pythonpath')
[3.975s] INFO:colcon.colcon_core.shell:Creating environment hook '/home/ubuntu/cu-arc-21-22/CS/drone_ws/install/controls/share/controls/hook/pythonpath.ps1'
[3.977s] INFO:colcon.colcon_core.shell:Creating environment descriptor '/home/ubuntu/cu-arc-21-22/CS/drone_ws/install/controls/share/controls/hook/pythonpath.dsv'
[3.979s] INFO:colcon.colcon_core.shell:Creating environment hook '/home/ubuntu/cu-arc-21-22/CS/drone_ws/install/controls/share/controls/hook/pythonpath.sh'
[3.980s] Level 1:colcon.colcon_core.environment:create_environment_scripts_only(controls)
[3.983s] INFO:colcon.colcon_core.shell:Creating package script '/home/ubuntu/cu-arc-21-22/CS/drone_ws/install/controls/share/controls/package.ps1'
[3.987s] INFO:colcon.colcon_core.shell:Creating package descriptor '/home/ubuntu/cu-arc-21-22/CS/drone_ws/install/controls/share/controls/package.dsv'
[3.990s] INFO:colcon.colcon_core.shell:Creating package script '/home/ubuntu/cu-arc-21-22/CS/drone_ws/install/controls/share/controls/package.sh'
[3.993s] INFO:colcon.colcon_core.shell:Creating package script '/home/ubuntu/cu-arc-21-22/CS/drone_ws/install/controls/share/controls/package.bash'
[4.001s] INFO:colcon.colcon_core.shell:Creating package script '/home/ubuntu/cu-arc-21-22/CS/drone_ws/install/controls/share/controls/package.zsh'
[4.004s] Level 1:colcon.colcon_core.environment:create_file_with_runtime_dependencies(/home/ubuntu/cu-arc-21-22/CS/drone_ws/install/controls/share/colcon-core/packages/controls)
[4.005s] DEBUG:colcon.colcon_parallel_executor.executor.parallel:closing loop
[4.006s] DEBUG:colcon.colcon_parallel_executor.executor.parallel:loop closed
[4.007s] DEBUG:colcon.colcon_parallel_executor.executor.parallel:run_until_complete finished with '0'
[4.007s] DEBUG:colcon.colcon_core.event_reactor:joining thread
[4.030s] INFO:colcon.colcon_core.plugin_system:Skipping extension 'colcon_notification.desktop_notification.terminal_notifier': Not used on non-Darwin systems
[4.030s] INFO:colcon.colcon_core.plugin_system:Skipping extension 'colcon_notification.desktop_notification.win32': Not used on non-Windows systems
[4.030s] INFO:colcon.colcon_notification.desktop_notification:Sending desktop notification using 'notify2'
[4.035s] DEBUG:colcon.colcon_notification.desktop_notification.notify2:Failed to initialize notify2: org.freedesktop.DBus.Error.ServiceUnknown: The name org.freedesktop.Notifications was not provided by any .service files
[4.035s] DEBUG:colcon.colcon_core.event_reactor:joined thread
[4.038s] INFO:colcon.colcon_core.shell:Creating prefix script '/home/ubuntu/cu-arc-21-22/CS/drone_ws/install/local_setup.ps1'
[4.042s] INFO:colcon.colcon_core.shell:Creating prefix util module '/home/ubuntu/cu-arc-21-22/CS/drone_ws/install/_local_setup_util_ps1.py'
[4.047s] INFO:colcon.colcon_core.shell:Creating prefix chain script '/home/ubuntu/cu-arc-21-22/CS/drone_ws/install/setup.ps1'
[4.058s] INFO:colcon.colcon_core.shell:Creating prefix script '/home/ubuntu/cu-arc-21-22/CS/drone_ws/install/local_setup.sh'
[4.061s] INFO:colcon.colcon_core.shell:Creating prefix util module '/home/ubuntu/cu-arc-21-22/CS/drone_ws/install/_local_setup_util_sh.py'
[4.063s] INFO:colcon.colcon_core.shell:Creating prefix chain script '/home/ubuntu/cu-arc-21-22/CS/drone_ws/install/setup.sh'
[4.072s] INFO:colcon.colcon_core.shell:Creating prefix script '/home/ubuntu/cu-arc-21-22/CS/drone_ws/install/local_setup.bash'
[4.075s] INFO:colcon.colcon_core.shell:Creating prefix chain script '/home/ubuntu/cu-arc-21-22/CS/drone_ws/install/setup.bash'
[4.084s] INFO:colcon.colcon_core.shell:Creating prefix script '/home/ubuntu/cu-arc-21-22/CS/drone_ws/install/local_setup.zsh'
[4.086s] INFO:colcon.colcon_core.shell:Creating prefix chain script '/home/ubuntu/cu-arc-21-22/CS/drone_ws/install/setup.zsh'
