[1.206s] Invoking command in '/home/ubuntu/cu-arc-21-22/CS/drone_ws/src/controls': PYTHONPATH=/home/ubuntu/cu-arc-21-22/CS/drone_ws/install/controls/lib/python3.8/site-packages:${PYTHONPATH} /usr/bin/python3 setup.py egg_info --egg-base ../../build/controls build --build-base /home/ubuntu/cu-arc-21-22/CS/drone_ws/build/controls/build install --prefix /home/ubuntu/cu-arc-21-22/CS/drone_ws/install/controls --record /home/ubuntu/cu-arc-21-22/CS/drone_ws/build/controls/install.log --single-version-externally-managed
[2.193s] running egg_info
[2.196s] writing ../../build/controls/controls.egg-info/PKG-INFO
[2.197s] writing dependency_links to ../../build/controls/controls.egg-info/dependency_links.txt
[2.198s] writing entry points to ../../build/controls/controls.egg-info/entry_points.txt
[2.200s] writing requirements to ../../build/controls/controls.egg-info/requires.txt
[2.202s] writing top-level names to ../../build/controls/controls.egg-info/top_level.txt
[2.356s] reading manifest file '../../build/controls/controls.egg-info/SOURCES.txt'
[2.362s] writing manifest file '../../build/controls/controls.egg-info/SOURCES.txt'
[2.365s] running build
[2.367s] running build_py
[2.368s] running install
[2.370s] running install_lib
[2.382s] running install_data
[2.386s] copying launch/hover.launch.py -> /home/ubuntu/cu-arc-21-22/CS/drone_ws/install/controls/share/controls
[2.389s] running install_egg_info
[2.394s] removing '/home/ubuntu/cu-arc-21-22/CS/drone_ws/install/controls/lib/python3.8/site-packages/controls-0.0.0-py3.8.egg-info' (and everything under it)
[2.397s] Copying ../../build/controls/controls.egg-info to /home/ubuntu/cu-arc-21-22/CS/drone_ws/install/controls/lib/python3.8/site-packages/controls-0.0.0-py3.8.egg-info
[2.405s] running install_scripts
[2.477s] Installing pid script to /home/ubuntu/cu-arc-21-22/CS/drone_ws/install/controls/lib/controls
[2.482s] Installing publishHeight script to /home/ubuntu/cu-arc-21-22/CS/drone_ws/install/controls/lib/controls
[2.483s] Installing transmitter script to /home/ubuntu/cu-arc-21-22/CS/drone_ws/install/controls/lib/controls
[2.485s] writing list of installed files to '/home/ubuntu/cu-arc-21-22/CS/drone_ws/build/controls/install.log'
[2.604s] Invoked command in '/home/ubuntu/cu-arc-21-22/CS/drone_ws/src/controls' returned '0': PYTHONPATH=/home/ubuntu/cu-arc-21-22/CS/drone_ws/install/controls/lib/python3.8/site-packages:${PYTHONPATH} /usr/bin/python3 setup.py egg_info --egg-base ../../build/controls build --build-base /home/ubuntu/cu-arc-21-22/CS/drone_ws/build/controls/build install --prefix /home/ubuntu/cu-arc-21-22/CS/drone_ws/install/controls --record /home/ubuntu/cu-arc-21-22/CS/drone_ws/build/controls/install.log --single-version-externally-managed
