[1.173s] Invoking command in '/home/ubuntu/cu-arc-21-22/CS/drone_ws/src/controls': PYTHONPATH=/home/ubuntu/cu-arc-21-22/CS/drone_ws/install/controls/lib/python3.8/site-packages:${PYTHONPATH} /usr/bin/python3 setup.py egg_info --egg-base ../../build/controls build --build-base /home/ubuntu/cu-arc-21-22/CS/drone_ws/build/controls/build install --prefix /home/ubuntu/cu-arc-21-22/CS/drone_ws/install/controls --record /home/ubuntu/cu-arc-21-22/CS/drone_ws/build/controls/install.log --single-version-externally-managed
[2.191s] running egg_info
[2.193s] writing ../../build/controls/controls.egg-info/PKG-INFO
[2.195s] writing dependency_links to ../../build/controls/controls.egg-info/dependency_links.txt
[2.196s] writing entry points to ../../build/controls/controls.egg-info/entry_points.txt
[2.197s] writing requirements to ../../build/controls/controls.egg-info/requires.txt
[2.198s] writing top-level names to ../../build/controls/controls.egg-info/top_level.txt
[2.361s] reading manifest file '../../build/controls/controls.egg-info/SOURCES.txt'
[2.366s] writing manifest file '../../build/controls/controls.egg-info/SOURCES.txt'
[2.367s] running build
[2.368s] running build_py
[2.369s] copying controls/pid.py -> /home/ubuntu/cu-arc-21-22/CS/drone_ws/build/controls/build/lib/controls
[2.371s] running install
[2.375s] running install_lib
[2.381s] copying /home/ubuntu/cu-arc-21-22/CS/drone_ws/build/controls/build/lib/controls/pid.py -> /home/ubuntu/cu-arc-21-22/CS/drone_ws/install/controls/lib/python3.8/site-packages/controls
[2.385s] byte-compiling /home/ubuntu/cu-arc-21-22/CS/drone_ws/install/controls/lib/python3.8/site-packages/controls/pid.py to pid.cpython-38.pyc
[2.392s] running install_data
[2.395s] running install_egg_info
[2.403s] removing '/home/ubuntu/cu-arc-21-22/CS/drone_ws/install/controls/lib/python3.8/site-packages/controls-0.0.0-py3.8.egg-info' (and everything under it)
[2.405s] Copying ../../build/controls/controls.egg-info to /home/ubuntu/cu-arc-21-22/CS/drone_ws/install/controls/lib/python3.8/site-packages/controls-0.0.0-py3.8.egg-info
[2.412s] running install_scripts
[2.482s] Installing distance_sensor script to /home/ubuntu/cu-arc-21-22/CS/drone_ws/install/controls/lib/controls
[2.483s] Installing flight_controller script to /home/ubuntu/cu-arc-21-22/CS/drone_ws/install/controls/lib/controls
[2.484s] Installing pid script to /home/ubuntu/cu-arc-21-22/CS/drone_ws/install/controls/lib/controls
[2.485s] Installing test_flight_controller script to /home/ubuntu/cu-arc-21-22/CS/drone_ws/install/controls/lib/controls
[2.499s] writing list of installed files to '/home/ubuntu/cu-arc-21-22/CS/drone_ws/build/controls/install.log'
[2.591s] Invoked command in '/home/ubuntu/cu-arc-21-22/CS/drone_ws/src/controls' returned '0': PYTHONPATH=/home/ubuntu/cu-arc-21-22/CS/drone_ws/install/controls/lib/python3.8/site-packages:${PYTHONPATH} /usr/bin/python3 setup.py egg_info --egg-base ../../build/controls build --build-base /home/ubuntu/cu-arc-21-22/CS/drone_ws/build/controls/build install --prefix /home/ubuntu/cu-arc-21-22/CS/drone_ws/install/controls --record /home/ubuntu/cu-arc-21-22/CS/drone_ws/build/controls/install.log --single-version-externally-managed
