[1.274s] Invoking command in '/home/ubuntu/cu-arc-21-22/CS/drone_ws/src/controls': PYTHONPATH=/home/ubuntu/cu-arc-21-22/CS/drone_ws/install/controls/lib/python3.8/site-packages:${PYTHONPATH} /usr/bin/python3 setup.py egg_info --egg-base ../../build/controls build --build-base /home/ubuntu/cu-arc-21-22/CS/drone_ws/build/controls/build install --prefix /home/ubuntu/cu-arc-21-22/CS/drone_ws/install/controls --record /home/ubuntu/cu-arc-21-22/CS/drone_ws/build/controls/install.log --single-version-externally-managed
[2.309s] running egg_info
[2.312s] writing ../../build/controls/controls.egg-info/PKG-INFO
[2.314s] writing dependency_links to ../../build/controls/controls.egg-info/dependency_links.txt
[2.315s] writing entry points to ../../build/controls/controls.egg-info/entry_points.txt
[2.316s] writing requirements to ../../build/controls/controls.egg-info/requires.txt
[2.316s] writing top-level names to ../../build/controls/controls.egg-info/top_level.txt
[2.475s] reading manifest file '../../build/controls/controls.egg-info/SOURCES.txt'
[2.481s] writing manifest file '../../build/controls/controls.egg-info/SOURCES.txt'
[2.482s] running build
[2.483s] running build_py
[2.484s] copying controls/pid.py -> /home/ubuntu/cu-arc-21-22/CS/drone_ws/build/controls/build/lib/controls
[2.486s] running install
[2.491s] running install_lib
[2.497s] copying /home/ubuntu/cu-arc-21-22/CS/drone_ws/build/controls/build/lib/controls/pid.py -> /home/ubuntu/cu-arc-21-22/CS/drone_ws/install/controls/lib/python3.8/site-packages/controls
[2.501s] byte-compiling /home/ubuntu/cu-arc-21-22/CS/drone_ws/install/controls/lib/python3.8/site-packages/controls/pid.py to pid.cpython-38.pyc
[2.510s] running install_data
[2.514s] running install_egg_info
[2.521s] removing '/home/ubuntu/cu-arc-21-22/CS/drone_ws/install/controls/lib/python3.8/site-packages/controls-0.0.0-py3.8.egg-info' (and everything under it)
[2.525s] Copying ../../build/controls/controls.egg-info to /home/ubuntu/cu-arc-21-22/CS/drone_ws/install/controls/lib/python3.8/site-packages/controls-0.0.0-py3.8.egg-info
[2.532s] running install_scripts
[2.604s] Installing pid script to /home/ubuntu/cu-arc-21-22/CS/drone_ws/install/controls/lib/controls
[2.605s] Installing publishHeight script to /home/ubuntu/cu-arc-21-22/CS/drone_ws/install/controls/lib/controls
[2.606s] Installing test_transmitter script to /home/ubuntu/cu-arc-21-22/CS/drone_ws/install/controls/lib/controls
[2.608s] Installing transmitter script to /home/ubuntu/cu-arc-21-22/CS/drone_ws/install/controls/lib/controls
[2.611s] writing list of installed files to '/home/ubuntu/cu-arc-21-22/CS/drone_ws/build/controls/install.log'
[2.715s] Invoked command in '/home/ubuntu/cu-arc-21-22/CS/drone_ws/src/controls' returned '0': PYTHONPATH=/home/ubuntu/cu-arc-21-22/CS/drone_ws/install/controls/lib/python3.8/site-packages:${PYTHONPATH} /usr/bin/python3 setup.py egg_info --egg-base ../../build/controls build --build-base /home/ubuntu/cu-arc-21-22/CS/drone_ws/build/controls/build install --prefix /home/ubuntu/cu-arc-21-22/CS/drone_ws/install/controls --record /home/ubuntu/cu-arc-21-22/CS/drone_ws/build/controls/install.log --single-version-externally-managed
