[1.216s] Invoking command in '/home/ubuntu/cu-arc-21-22/CS/drone_ws/src/controls': PYTHONPATH=/home/ubuntu/cu-arc-21-22/CS/drone_ws/install/controls/lib/python3.8/site-packages:${PYTHONPATH} /usr/bin/python3 setup.py egg_info --egg-base ../../build/controls build --build-base /home/ubuntu/cu-arc-21-22/CS/drone_ws/build/controls/build install --prefix /home/ubuntu/cu-arc-21-22/CS/drone_ws/install/controls --record /home/ubuntu/cu-arc-21-22/CS/drone_ws/build/controls/install.log --single-version-externally-managed
[2.276s] running egg_info
[2.279s] writing ../../build/controls/controls.egg-info/PKG-INFO
[2.282s] writing dependency_links to ../../build/controls/controls.egg-info/dependency_links.txt
[2.285s] writing entry points to ../../build/controls/controls.egg-info/entry_points.txt
[2.287s] writing requirements to ../../build/controls/controls.egg-info/requires.txt
[2.289s] writing top-level names to ../../build/controls/controls.egg-info/top_level.txt
[2.445s] reading manifest file '../../build/controls/controls.egg-info/SOURCES.txt'
[2.452s] writing manifest file '../../build/controls/controls.egg-info/SOURCES.txt'
[2.452s] running build
[2.453s] running build_py
[2.455s] copying controls/publishHeight.py -> /home/ubuntu/cu-arc-21-22/CS/drone_ws/build/controls/build/lib/controls
[2.456s] copying controls/distanceSensor.py -> /home/ubuntu/cu-arc-21-22/CS/drone_ws/build/controls/build/lib/controls
[2.458s] running install
[2.463s] running install_lib
[2.467s] copying /home/ubuntu/cu-arc-21-22/CS/drone_ws/build/controls/build/lib/controls/publishHeight.py -> /home/ubuntu/cu-arc-21-22/CS/drone_ws/install/controls/lib/python3.8/site-packages/controls
[2.468s] copying /home/ubuntu/cu-arc-21-22/CS/drone_ws/build/controls/build/lib/controls/distanceSensor.py -> /home/ubuntu/cu-arc-21-22/CS/drone_ws/install/controls/lib/python3.8/site-packages/controls
[2.473s] byte-compiling /home/ubuntu/cu-arc-21-22/CS/drone_ws/install/controls/lib/python3.8/site-packages/controls/publishHeight.py to publishHeight.cpython-38.pyc
[2.486s] byte-compiling /home/ubuntu/cu-arc-21-22/CS/drone_ws/install/controls/lib/python3.8/site-packages/controls/distanceSensor.py to distanceSensor.cpython-38.pyc
[2.487s] running install_data
[2.488s] running install_egg_info
[2.500s] removing '/home/ubuntu/cu-arc-21-22/CS/drone_ws/install/controls/lib/python3.8/site-packages/controls-0.0.0-py3.8.egg-info' (and everything under it)
[2.501s] Copying ../../build/controls/controls.egg-info to /home/ubuntu/cu-arc-21-22/CS/drone_ws/install/controls/lib/python3.8/site-packages/controls-0.0.0-py3.8.egg-info
[2.508s] running install_scripts
[2.591s] Installing transmitter script to /home/ubuntu/cu-arc-21-22/CS/drone_ws/install/controls/lib/controls
[2.594s] writing list of installed files to '/home/ubuntu/cu-arc-21-22/CS/drone_ws/build/controls/install.log'
[2.709s] Invoked command in '/home/ubuntu/cu-arc-21-22/CS/drone_ws/src/controls' returned '0': PYTHONPATH=/home/ubuntu/cu-arc-21-22/CS/drone_ws/install/controls/lib/python3.8/site-packages:${PYTHONPATH} /usr/bin/python3 setup.py egg_info --egg-base ../../build/controls build --build-base /home/ubuntu/cu-arc-21-22/CS/drone_ws/build/controls/build install --prefix /home/ubuntu/cu-arc-21-22/CS/drone_ws/install/controls --record /home/ubuntu/cu-arc-21-22/CS/drone_ws/build/controls/install.log --single-version-externally-managed
