[3.305s] Invoking command in '/home/ubuntu/cu-arc-21-22/CS/drone_ws/src/ros2_pi_gpio/pi_gpio': PYTHONPATH=/home/ubuntu/cu-arc-21-22/CS/drone_ws/install/pi_gpio/lib/python3.8/site-packages:/home/ubuntu/cu-arc-21-22/CS/drone_ws/install/pi_gpio_interface/lib/python3.8/site-packages:/home/ubuntu/cu-arc-21-22/CS/drone_ws/install/pi_gpio/lib/python3.8/site-packages:/home/ubuntu/cu-arc-21-22/CS/drone_ws/install/controls/lib/python3.8/site-packages:/home/ubuntu/ros2_foxy/ros2-linux/lib/python3.8/site-packages /usr/bin/python3 setup.py egg_info --egg-base ../../../build/pi_gpio build --build-base /home/ubuntu/cu-arc-21-22/CS/drone_ws/build/pi_gpio/build install --prefix /home/ubuntu/cu-arc-21-22/CS/drone_ws/install/pi_gpio --record /home/ubuntu/cu-arc-21-22/CS/drone_ws/build/pi_gpio/install.log --single-version-externally-managed
[4.348s] running egg_info
[4.351s] writing ../../../build/pi_gpio/pi_gpio.egg-info/PKG-INFO
[4.352s] writing dependency_links to ../../../build/pi_gpio/pi_gpio.egg-info/dependency_links.txt
[4.353s] writing entry points to ../../../build/pi_gpio/pi_gpio.egg-info/entry_points.txt
[4.354s] writing requirements to ../../../build/pi_gpio/pi_gpio.egg-info/requires.txt
[4.355s] writing top-level names to ../../../build/pi_gpio/pi_gpio.egg-info/top_level.txt
[4.502s] reading manifest file '../../../build/pi_gpio/pi_gpio.egg-info/SOURCES.txt'
[4.511s] writing manifest file '../../../build/pi_gpio/pi_gpio.egg-info/SOURCES.txt'
[4.512s] running build
[4.512s] running build_py
[4.513s] running install
[4.517s] running install_lib
[4.523s] running install_data
[4.526s] running install_egg_info
[4.533s] removing '/home/ubuntu/cu-arc-21-22/CS/drone_ws/install/pi_gpio/lib/python3.8/site-packages/pi_gpio-0.8.2-py3.8.egg-info' (and everything under it)
[4.535s] Copying ../../../build/pi_gpio/pi_gpio.egg-info to /home/ubuntu/cu-arc-21-22/CS/drone_ws/install/pi_gpio/lib/python3.8/site-packages/pi_gpio-0.8.2-py3.8.egg-info
[4.544s] running install_scripts
[4.615s] Installing pi_gpio_server script to /home/ubuntu/cu-arc-21-22/CS/drone_ws/install/pi_gpio/lib/pi_gpio
[4.617s] writing list of installed files to '/home/ubuntu/cu-arc-21-22/CS/drone_ws/build/pi_gpio/install.log'
[4.725s] Invoked command in '/home/ubuntu/cu-arc-21-22/CS/drone_ws/src/ros2_pi_gpio/pi_gpio' returned '0': PYTHONPATH=/home/ubuntu/cu-arc-21-22/CS/drone_ws/install/pi_gpio/lib/python3.8/site-packages:/home/ubuntu/cu-arc-21-22/CS/drone_ws/install/pi_gpio_interface/lib/python3.8/site-packages:/home/ubuntu/cu-arc-21-22/CS/drone_ws/install/pi_gpio/lib/python3.8/site-packages:/home/ubuntu/cu-arc-21-22/CS/drone_ws/install/controls/lib/python3.8/site-packages:/home/ubuntu/ros2_foxy/ros2-linux/lib/python3.8/site-packages /usr/bin/python3 setup.py egg_info --egg-base ../../../build/pi_gpio build --build-base /home/ubuntu/cu-arc-21-22/CS/drone_ws/build/pi_gpio/build install --prefix /home/ubuntu/cu-arc-21-22/CS/drone_ws/install/pi_gpio --record /home/ubuntu/cu-arc-21-22/CS/drone_ws/build/pi_gpio/install.log --single-version-externally-managed
