[0.175s] Invoking command in '/home/ubuntu/cu-arc-21-22/CS/drone_ws/build/pi_gpio_interface': CMAKE_PREFIX_PATH=${CMAKE_PREFIX_PATH}:/home/ubuntu/cu-arc-21-22/CS/drone_ws/install/controls /usr/bin/cmake --build /home/ubuntu/cu-arc-21-22/CS/drone_ws/build/pi_gpio_interface -- -j4 -l4
[0.430s] [  3%] Built target pi_gpio_interface__cpp
[0.441s] [ 12%] Built target pi_gpio_interface__rosidl_generator_c
[0.590s] [ 22%] Built target pi_gpio_interface__rosidl_typesupport_introspection_cpp
[0.608s] [ 32%] Built target pi_gpio_interface__rosidl_typesupport_cpp
[0.650s] [ 41%] Built target pi_gpio_interface__rosidl_typesupport_c
[0.676s] [ 51%] Built target pi_gpio_interface__rosidl_typesupport_fastrtps_cpp
[0.718s] [ 61%] Built target pi_gpio_interface__rosidl_typesupport_introspection_c
[0.841s] [ 70%] Built target pi_gpio_interface__rosidl_typesupport_fastrtps_c
[0.936s] [ 70%] Built target pi_gpio_interface
[1.033s] [ 74%] Built target pi_gpio_interface__py
[1.164s] [ 80%] Built target pi_gpio_interface__python
[1.310s] [ 87%] Built target pi_gpio_interface__rosidl_typesupport_c__pyext
[1.330s] [ 93%] Built target pi_gpio_interface__rosidl_typesupport_fastrtps_c__pyext
[1.332s] [100%] Built target pi_gpio_interface__rosidl_typesupport_introspection_c__pyext
[1.638s] Invoked command in '/home/ubuntu/cu-arc-21-22/CS/drone_ws/build/pi_gpio_interface' returned '0': CMAKE_PREFIX_PATH=${CMAKE_PREFIX_PATH}:/home/ubuntu/cu-arc-21-22/CS/drone_ws/install/controls /usr/bin/cmake --build /home/ubuntu/cu-arc-21-22/CS/drone_ws/build/pi_gpio_interface -- -j4 -l4
[1.985s] Invoking command in '/home/ubuntu/cu-arc-21-22/CS/drone_ws/build/pi_gpio_interface': CMAKE_PREFIX_PATH=${CMAKE_PREFIX_PATH}:/home/ubuntu/cu-arc-21-22/CS/drone_ws/install/controls /usr/bin/cmake --install /home/ubuntu/cu-arc-21-22/CS/drone_ws/build/pi_gpio_interface
[2.022s] -- Install configuration: ""
[2.024s] -- Execute custom install script
[2.026s] -- Up-to-date symlink: /home/ubuntu/cu-arc-21-22/CS/drone_ws/install/pi_gpio_interface/share/ament_index/resource_index/rosidl_interfaces/pi_gpio_interface
[2.030s] -- Up-to-date symlink: /home/ubuntu/cu-arc-21-22/CS/drone_ws/install/pi_gpio_interface/include/pi_gpio_interface/action/detail/gpio__functions.h
[2.032s] -- Up-to-date symlink: /home/ubuntu/cu-arc-21-22/CS/drone_ws/install/pi_gpio_interface/include/pi_gpio_interface/action/detail/gpio__struct.h
[2.035s] -- Up-to-date symlink: /home/ubuntu/cu-arc-21-22/CS/drone_ws/install/pi_gpio_interface/include/pi_gpio_interface/action/detail/gpio__type_support.h
[2.036s] -- Up-to-date symlink: /home/ubuntu/cu-arc-21-22/CS/drone_ws/install/pi_gpio_interface/include/pi_gpio_interface/action/gpio.h
[2.037s] -- Up-to-date symlink: /home/ubuntu/cu-arc-21-22/CS/drone_ws/install/pi_gpio_interface/include/pi_gpio_interface/msg/rosidl_generator_c__visibility_control.h
[2.039s] -- Up-to-date symlink: /home/ubuntu/cu-arc-21-22/CS/drone_ws/install/pi_gpio_interface/share/pi_gpio_interface/environment/library_path.sh
[2.041s] -- Up-to-date symlink: /home/ubuntu/cu-arc-21-22/CS/drone_ws/install/pi_gpio_interface/share/pi_gpio_interface/environment/library_path.dsv
[2.046s] -- Up-to-date symlink: /home/ubuntu/cu-arc-21-22/CS/drone_ws/install/pi_gpio_interface/include/pi_gpio_interface/action/detail/gpio__rosidl_typesupport_fastrtps_c.h
[2.047s] -- Up-to-date symlink: /home/ubuntu/cu-arc-21-22/CS/drone_ws/install/pi_gpio_interface/include/pi_gpio_interface/msg/rosidl_typesupport_fastrtps_c__visibility_control.h
[2.049s] -- Up-to-date symlink: /home/ubuntu/cu-arc-21-22/CS/drone_ws/install/pi_gpio_interface/lib/libpi_gpio_interface__rosidl_typesupport_fastrtps_c.so
[2.055s] -- Up-to-date symlink: /home/ubuntu/cu-arc-21-22/CS/drone_ws/install/pi_gpio_interface/include/pi_gpio_interface/action/detail/gpio__rosidl_typesupport_fastrtps_cpp.hpp
[2.056s] -- Up-to-date symlink: /home/ubuntu/cu-arc-21-22/CS/drone_ws/install/pi_gpio_interface/include/pi_gpio_interface/msg/rosidl_typesupport_fastrtps_cpp__visibility_control.h
[2.058s] -- Up-to-date symlink: /home/ubuntu/cu-arc-21-22/CS/drone_ws/install/pi_gpio_interface/lib/libpi_gpio_interface__rosidl_typesupport_fastrtps_cpp.so
[2.062s] -- Up-to-date symlink: /home/ubuntu/cu-arc-21-22/CS/drone_ws/install/pi_gpio_interface/include/pi_gpio_interface/action/detail/gpio__rosidl_typesupport_introspection_c.h
[2.063s] -- Up-to-date symlink: /home/ubuntu/cu-arc-21-22/CS/drone_ws/install/pi_gpio_interface/include/pi_gpio_interface/msg/rosidl_typesupport_introspection_c__visibility_control.h
[2.067s] -- Up-to-date symlink: /home/ubuntu/cu-arc-21-22/CS/drone_ws/install/pi_gpio_interface/include/pi_gpio_interface/action/detail/gpio__builder.hpp
[2.068s] -- Up-to-date symlink: /home/ubuntu/cu-arc-21-22/CS/drone_ws/install/pi_gpio_interface/include/pi_gpio_interface/action/detail/gpio__struct.hpp
[2.070s] -- Up-to-date symlink: /home/ubuntu/cu-arc-21-22/CS/drone_ws/install/pi_gpio_interface/include/pi_gpio_interface/action/detail/gpio__traits.hpp
[2.071s] -- Up-to-date symlink: /home/ubuntu/cu-arc-21-22/CS/drone_ws/install/pi_gpio_interface/include/pi_gpio_interface/action/gpio.hpp
[2.075s] -- Up-to-date symlink: /home/ubuntu/cu-arc-21-22/CS/drone_ws/install/pi_gpio_interface/include/pi_gpio_interface/action/detail/gpio__rosidl_typesupport_introspection_cpp.hpp
[2.077s] -- Up-to-date symlink: /home/ubuntu/cu-arc-21-22/CS/drone_ws/install/pi_gpio_interface/share/pi_gpio_interface/environment/pythonpath.sh
[2.078s] -- Up-to-date symlink: /home/ubuntu/cu-arc-21-22/CS/drone_ws/install/pi_gpio_interface/share/pi_gpio_interface/environment/pythonpath.dsv
[2.080s] -- Up-to-date symlink: /home/ubuntu/cu-arc-21-22/CS/drone_ws/install/pi_gpio_interface/lib/python3.8/site-packages/pi_gpio_interface/__init__.py
[2.084s] -- Up-to-date symlink: /home/ubuntu/cu-arc-21-22/CS/drone_ws/install/pi_gpio_interface/lib/python3.8/site-packages/pi_gpio_interface/action/__init__.py
[2.085s] -- Up-to-date symlink: /home/ubuntu/cu-arc-21-22/CS/drone_ws/install/pi_gpio_interface/lib/python3.8/site-packages/pi_gpio_interface/action/_gpio.py
[2.088s] -- Up-to-date symlink: /home/ubuntu/cu-arc-21-22/CS/drone_ws/install/pi_gpio_interface/lib/python3.8/site-packages/pi_gpio_interface/pi_gpio_interface_s__rosidl_typesupport_fastrtps_c.cpython-38-aarch64-linux-gnu.so
[2.090s] -- Up-to-date symlink: /home/ubuntu/cu-arc-21-22/CS/drone_ws/install/pi_gpio_interface/lib/python3.8/site-packages/pi_gpio_interface/pi_gpio_interface_s__rosidl_typesupport_introspection_c.cpython-38-aarch64-linux-gnu.so
[2.093s] -- Up-to-date symlink: /home/ubuntu/cu-arc-21-22/CS/drone_ws/install/pi_gpio_interface/lib/python3.8/site-packages/pi_gpio_interface/pi_gpio_interface_s__rosidl_typesupport_c.cpython-38-aarch64-linux-gnu.so
[2.096s] -- Up-to-date symlink: /home/ubuntu/cu-arc-21-22/CS/drone_ws/install/pi_gpio_interface/lib/libpi_gpio_interface__python.so
[2.097s] -- Up-to-date symlink: /home/ubuntu/cu-arc-21-22/CS/drone_ws/install/pi_gpio_interface/share/pi_gpio_interface/action/GPIO.idl
[2.099s] -- Up-to-date symlink: /home/ubuntu/cu-arc-21-22/CS/drone_ws/install/pi_gpio_interface/share/pi_gpio_interface/action/GPIO.action
[2.101s] -- Up-to-date symlink: /home/ubuntu/cu-arc-21-22/CS/drone_ws/install/pi_gpio_interface/share/ament_index/resource_index/package_run_dependencies/pi_gpio_interface
[2.103s] -- Up-to-date symlink: /home/ubuntu/cu-arc-21-22/CS/drone_ws/install/pi_gpio_interface/share/ament_index/resource_index/parent_prefix_path/pi_gpio_interface
[2.105s] -- Up-to-date symlink: /home/ubuntu/cu-arc-21-22/CS/drone_ws/install/pi_gpio_interface/share/pi_gpio_interface/environment/ament_prefix_path.sh
[2.107s] -- Up-to-date symlink: /home/ubuntu/cu-arc-21-22/CS/drone_ws/install/pi_gpio_interface/share/pi_gpio_interface/environment/ament_prefix_path.dsv
[2.109s] -- Up-to-date symlink: /home/ubuntu/cu-arc-21-22/CS/drone_ws/install/pi_gpio_interface/share/pi_gpio_interface/environment/path.sh
[2.111s] -- Up-to-date symlink: /home/ubuntu/cu-arc-21-22/CS/drone_ws/install/pi_gpio_interface/share/pi_gpio_interface/environment/path.dsv
[2.113s] -- Up-to-date symlink: /home/ubuntu/cu-arc-21-22/CS/drone_ws/install/pi_gpio_interface/share/pi_gpio_interface/local_setup.bash
[2.117s] -- Up-to-date symlink: /home/ubuntu/cu-arc-21-22/CS/drone_ws/install/pi_gpio_interface/share/pi_gpio_interface/local_setup.sh
[2.119s] -- Up-to-date symlink: /home/ubuntu/cu-arc-21-22/CS/drone_ws/install/pi_gpio_interface/share/pi_gpio_interface/local_setup.zsh
[2.120s] -- Up-to-date symlink: /home/ubuntu/cu-arc-21-22/CS/drone_ws/install/pi_gpio_interface/share/pi_gpio_interface/local_setup.dsv
[2.122s] -- Symlinking: /home/ubuntu/cu-arc-21-22/CS/drone_ws/install/pi_gpio_interface/share/pi_gpio_interface/package.dsv
[2.157s] -- Up-to-date symlink: /home/ubuntu/cu-arc-21-22/CS/drone_ws/install/pi_gpio_interface/share/ament_index/resource_index/packages/pi_gpio_interface
[2.160s] -- Up-to-date symlink: /home/ubuntu/cu-arc-21-22/CS/drone_ws/install/pi_gpio_interface/share/pi_gpio_interface/cmake/rosidl_cmake-extras.cmake
[2.162s] -- Up-to-date symlink: /home/ubuntu/cu-arc-21-22/CS/drone_ws/install/pi_gpio_interface/share/pi_gpio_interface/cmake/ament_cmake_export_dependencies-extras.cmake
[2.163s] -- Up-to-date symlink: /home/ubuntu/cu-arc-21-22/CS/drone_ws/install/pi_gpio_interface/share/pi_gpio_interface/cmake/ament_cmake_export_libraries-extras.cmake
[2.165s] -- Up-to-date symlink: /home/ubuntu/cu-arc-21-22/CS/drone_ws/install/pi_gpio_interface/share/pi_gpio_interface/cmake/ament_cmake_export_targets-extras.cmake
[2.167s] -- Up-to-date symlink: /home/ubuntu/cu-arc-21-22/CS/drone_ws/install/pi_gpio_interface/share/pi_gpio_interface/cmake/ament_cmake_export_include_directories-extras.cmake
[2.169s] -- Up-to-date symlink: /home/ubuntu/cu-arc-21-22/CS/drone_ws/install/pi_gpio_interface/share/pi_gpio_interface/cmake/rosidl_cmake_export_typesupport_libraries-extras.cmake
[2.171s] -- Up-to-date symlink: /home/ubuntu/cu-arc-21-22/CS/drone_ws/install/pi_gpio_interface/share/pi_gpio_interface/cmake/rosidl_cmake_export_typesupport_targets-extras.cmake
[2.172s] -- Up-to-date symlink: /home/ubuntu/cu-arc-21-22/CS/drone_ws/install/pi_gpio_interface/share/pi_gpio_interface/cmake/pi_gpio_interfaceConfig.cmake
[2.174s] -- Up-to-date symlink: /home/ubuntu/cu-arc-21-22/CS/drone_ws/install/pi_gpio_interface/share/pi_gpio_interface/cmake/pi_gpio_interfaceConfig-version.cmake
[2.175s] -- Up-to-date symlink: /home/ubuntu/cu-arc-21-22/CS/drone_ws/install/pi_gpio_interface/share/pi_gpio_interface/package.xml
[2.177s] -- Up-to-date: /home/ubuntu/cu-arc-21-22/CS/drone_ws/install/pi_gpio_interface/lib/libpi_gpio_interface__rosidl_generator_c.so
[2.180s] -- Up-to-date: /home/ubuntu/cu-arc-21-22/CS/drone_ws/install/pi_gpio_interface/lib/libpi_gpio_interface__rosidl_typesupport_introspection_c.so
[2.182s] -- Up-to-date: /home/ubuntu/cu-arc-21-22/CS/drone_ws/install/pi_gpio_interface/lib/libpi_gpio_interface__rosidl_typesupport_c.so
[2.185s] -- Up-to-date: /home/ubuntu/cu-arc-21-22/CS/drone_ws/install/pi_gpio_interface/lib/libpi_gpio_interface__rosidl_typesupport_introspection_cpp.so
[2.187s] -- Up-to-date: /home/ubuntu/cu-arc-21-22/CS/drone_ws/install/pi_gpio_interface/lib/libpi_gpio_interface__rosidl_typesupport_cpp.so
[2.359s] -- Up-to-date: /home/ubuntu/cu-arc-21-22/CS/drone_ws/install/pi_gpio_interface/share/pi_gpio_interface/cmake/pi_gpio_interface__rosidl_generator_cExport.cmake
[2.361s] -- Up-to-date: /home/ubuntu/cu-arc-21-22/CS/drone_ws/install/pi_gpio_interface/share/pi_gpio_interface/cmake/pi_gpio_interface__rosidl_generator_cExport-noconfig.cmake
[2.362s] -- Up-to-date: /home/ubuntu/cu-arc-21-22/CS/drone_ws/install/pi_gpio_interface/share/pi_gpio_interface/cmake/pi_gpio_interface__rosidl_typesupport_introspection_cExport.cmake
[2.363s] -- Up-to-date: /home/ubuntu/cu-arc-21-22/CS/drone_ws/install/pi_gpio_interface/share/pi_gpio_interface/cmake/pi_gpio_interface__rosidl_typesupport_introspection_cExport-noconfig.cmake
[2.364s] -- Up-to-date: /home/ubuntu/cu-arc-21-22/CS/drone_ws/install/pi_gpio_interface/share/pi_gpio_interface/cmake/pi_gpio_interface__rosidl_typesupport_cExport.cmake
[2.366s] -- Up-to-date: /home/ubuntu/cu-arc-21-22/CS/drone_ws/install/pi_gpio_interface/share/pi_gpio_interface/cmake/pi_gpio_interface__rosidl_typesupport_cExport-noconfig.cmake
[2.367s] -- Up-to-date: /home/ubuntu/cu-arc-21-22/CS/drone_ws/install/pi_gpio_interface/share/pi_gpio_interface/cmake/pi_gpio_interface__rosidl_generator_cppExport.cmake
[2.368s] -- Up-to-date: /home/ubuntu/cu-arc-21-22/CS/drone_ws/install/pi_gpio_interface/share/pi_gpio_interface/cmake/pi_gpio_interface__rosidl_typesupport_introspection_cppExport.cmake
[2.370s] -- Up-to-date: /home/ubuntu/cu-arc-21-22/CS/drone_ws/install/pi_gpio_interface/share/pi_gpio_interface/cmake/pi_gpio_interface__rosidl_typesupport_introspection_cppExport-noconfig.cmake
[2.371s] -- Up-to-date: /home/ubuntu/cu-arc-21-22/CS/drone_ws/install/pi_gpio_interface/share/pi_gpio_interface/cmake/pi_gpio_interface__rosidl_typesupport_cppExport.cmake
[2.373s] -- Up-to-date: /home/ubuntu/cu-arc-21-22/CS/drone_ws/install/pi_gpio_interface/share/pi_gpio_interface/cmake/pi_gpio_interface__rosidl_typesupport_cppExport-noconfig.cmake
[2.377s] Invoked command in '/home/ubuntu/cu-arc-21-22/CS/drone_ws/build/pi_gpio_interface' returned '0': CMAKE_PREFIX_PATH=${CMAKE_PREFIX_PATH}:/home/ubuntu/cu-arc-21-22/CS/drone_ws/install/controls /usr/bin/cmake --install /home/ubuntu/cu-arc-21-22/CS/drone_ws/build/pi_gpio_interface
